TN:
SF:server-handlers/_llm.ts
FN:26,logUsage
FN:55,(anonymous_1)
FN:79,callGroq
FN:97,(anonymous_3)
FN:108,callGemini
FN:129,(anonymous_5)
FN:140,callLLM
FN:141,(anonymous_7)
FN:142,(anonymous_8)
FN:146,(anonymous_9)
FN:148,(anonymous_10)
FN:181,extractJSON
FNF:12
FNH:0
FNDA:0,logUsage
FNDA:0,(anonymous_1)
FNDA:0,callGroq
FNDA:0,(anonymous_3)
FNDA:0,callGemini
FNDA:0,(anonymous_5)
FNDA:0,callLLM
FNDA:0,(anonymous_7)
FNDA:0,(anonymous_8)
FNDA:0,(anonymous_9)
FNDA:0,(anonymous_10)
FNDA:0,extractJSON
DA:5,0
DA:6,0
DA:7,0
DA:8,0
DA:9,0
DA:11,0
DA:13,0
DA:31,0
DA:32,0
DA:33,0
DA:54,0
DA:55,0
DA:56,0
DA:59,0
DA:80,0
DA:81,0
DA:82,0
DA:83,0
DA:95,0
DA:96,0
DA:97,0
DA:98,0
DA:99,0
DA:101,0
DA:102,0
DA:103,0
DA:104,0
DA:105,0
DA:109,0
DA:110,0
DA:111,0
DA:112,0
DA:113,0
DA:127,0
DA:128,0
DA:129,0
DA:130,0
DA:131,0
DA:133,0
DA:134,0
DA:135,0
DA:136,0
DA:137,0
DA:141,0
DA:142,0
DA:144,0
DA:146,0
DA:147,0
DA:148,0
DA:149,0
DA:150,0
DA:151,0
DA:153,0
DA:154,0
DA:156,0
DA:157,0
DA:158,0
DA:159,0
DA:160,0
DA:161,0
DA:166,0
DA:167,0
DA:168,0
DA:169,0
DA:171,0
DA:172,0
DA:176,0
DA:177,0
DA:178,0
DA:182,0
DA:183,0
DA:184,0
DA:185,0
DA:186,0
DA:187,0
DA:189,0
DA:190,0
DA:191,0
DA:192,0
DA:193,0
DA:194,0
DA:195,0
DA:196,0
DA:197,0
DA:198,0
DA:199,0
DA:200,0
DA:201,0
DA:202,0
DA:203,0
DA:204,0
DA:205,0
DA:210,0
LF:93
LH:0
BRDA:5,0,0,0
BRDA:5,0,1,0
BRDA:6,1,0,0
BRDA:6,1,1,0
BRDA:7,2,0,0
BRDA:7,2,1,0
BRDA:8,3,0,0
BRDA:8,3,1,0
BRDA:9,4,0,0
BRDA:9,4,1,0
BRDA:11,5,0,0
BRDA:11,5,1,0
BRDA:31,6,0,0
BRDA:31,6,1,0
BRDA:42,7,0,0
BRDA:42,7,1,0
BRDA:43,8,0,0
BRDA:43,8,1,0
BRDA:51,9,0,0
BRDA:51,9,1,0
BRDA:54,10,0,0
BRDA:54,10,1,0
BRDA:59,11,0,0
BRDA:59,11,1,0
BRDA:80,12,0,0
BRDA:80,12,1,0
BRDA:90,13,0,0
BRDA:90,13,1,0
BRDA:91,14,0,0
BRDA:91,14,1,0
BRDA:92,15,0,0
BRDA:92,15,1,0
BRDA:96,16,0,0
BRDA:96,16,1,0
BRDA:103,17,0,0
BRDA:103,17,1,0
BRDA:104,18,0,0
BRDA:104,18,1,0
BRDA:105,19,0,0
BRDA:105,19,1,0
BRDA:109,20,0,0
BRDA:109,20,1,0
BRDA:120,21,0,0
BRDA:120,21,1,0
BRDA:121,22,0,0
BRDA:121,22,1,0
BRDA:122,23,0,0
BRDA:122,23,1,0
BRDA:128,24,0,0
BRDA:128,24,1,0
BRDA:135,25,0,0
BRDA:135,25,1,0
BRDA:136,26,0,0
BRDA:136,26,1,0
BRDA:137,27,0,0
BRDA:137,27,1,0
BRDA:140,28,0,0
BRDA:141,29,0,0
BRDA:141,29,1,0
BRDA:142,30,0,0
BRDA:142,30,1,0
BRDA:144,31,0,0
BRDA:144,31,1,0
BRDA:144,32,0,0
BRDA:144,32,1,0
BRDA:153,33,0,0
BRDA:153,33,1,0
BRDA:153,34,0,0
BRDA:153,34,1,0
BRDA:153,35,0,0
BRDA:153,35,1,0
BRDA:153,36,0,0
BRDA:153,36,1,0
BRDA:157,37,0,0
BRDA:157,37,1,0
BRDA:158,38,0,0
BRDA:158,38,1,0
BRDA:159,39,0,0
BRDA:159,39,1,0
BRDA:160,40,0,0
BRDA:160,40,1,0
BRDA:166,41,0,0
BRDA:166,41,1,0
BRDA:166,42,0,0
BRDA:166,42,1,0
BRDA:176,43,0,0
BRDA:176,43,1,0
BRDA:186,44,0,0
BRDA:186,44,1,0
BRDA:190,45,0,0
BRDA:190,45,1,0
BRDA:196,46,0,0
BRDA:196,46,1,0
BRDA:197,47,0,0
BRDA:197,47,1,0
BRDA:198,48,0,0
BRDA:198,48,1,0
BRDA:199,49,0,0
BRDA:199,49,1,0
BRDA:200,50,0,0
BRDA:200,50,1,0
BRDA:201,51,0,0
BRDA:201,51,1,0
BRDA:203,52,0,0
BRDA:203,52,1,0
BRF:105
BRH:0
end_of_record
TN:
SF:server-handlers/_referral-reward.ts
FN:27,grantReferralReward
FN:41,(anonymous_1)
FN:53,(anonymous_2)
FN:65,(anonymous_3)
FN:88,(anonymous_4)
FNF:5
FNH:1
FNDA:9,grantReferralReward
FNDA:0,(anonymous_1)
FNDA:0,(anonymous_2)
FNDA:0,(anonymous_3)
FNDA:0,(anonymous_4)
DA:34,9
DA:36,9
DA:40,8
DA:41,8
DA:42,8
DA:45,9
DA:48,7
DA:52,7
DA:53,7
DA:54,7
DA:55,5
DA:56,5
DA:57,5
DA:60,9
DA:64,5
DA:65,5
DA:66,5
DA:67,1
DA:69,4
DA:74,4
DA:87,4
DA:88,4
DA:89,4
DA:91,1
DA:97,3
DA:110,3
DA:111,1
DA:112,1
DA:114,2
DA:115,2
DA:117,1
DA:118,1
LF:32
LH:32
BRDA:32,0,0,9
BRDA:40,1,0,0
BRDA:40,1,1,8
BRDA:42,2,0,7
BRDA:42,2,1,1
BRDA:42,3,0,8
BRDA:42,3,1,8
BRDA:45,4,0,1
BRDA:45,4,1,8
BRDA:52,5,0,0
BRDA:52,5,1,7
BRDA:54,6,0,2
BRDA:54,6,1,5
BRDA:54,7,0,7
BRDA:54,7,1,7
BRDA:57,8,0,4
BRDA:57,8,1,1
BRDA:64,9,0,0
BRDA:64,9,1,5
BRDA:66,10,0,1
BRDA:66,10,1,4
BRDA:66,11,0,5
BRDA:66,11,1,5
BRDA:87,12,0,0
BRDA:87,12,1,4
BRDA:89,13,0,1
BRDA:89,13,1,3
BRDA:89,14,0,4
BRDA:89,14,1,4
BRDA:110,15,0,1
BRDA:110,15,1,2
BRF:31
BRH:27
end_of_record
TN:
SF:server-handlers/_role-content.ts
FN:24,loadFromTable
FN:38,(anonymous_1)
FN:51,(anonymous_2)
FN:65,loadRoleCompetency
FN:70,loadCompanyGuidance
FNF:5
FNH:0
FNDA:0,loadFromTable
FNDA:0,(anonymous_1)
FNDA:0,(anonymous_2)
FNDA:0,loadRoleCompetency
FNDA:0,loadCompanyGuidance
DA:16,0
DA:17,0
DA:21,0
DA:22,0
DA:29,0
DA:30,0
DA:31,0
DA:32,0
DA:34,0
DA:37,0
DA:38,0
DA:39,0
DA:46,0
DA:47,0
DA:48,0
DA:49,0
DA:51,0
DA:52,0
DA:53,0
DA:54,0
DA:59,0
DA:60,0
DA:66,0
DA:71,0
LF:24
LH:0
BRDA:16,0,0,0
BRDA:16,0,1,0
BRDA:16,0,2,0
BRDA:17,1,0,0
BRDA:17,1,1,0
BRDA:29,2,0,0
BRDA:29,2,1,0
BRDA:29,3,0,0
BRDA:29,3,1,0
BRDA:29,3,2,0
BRDA:32,4,0,0
BRDA:32,4,1,0
BRDA:32,5,0,0
BRDA:32,5,1,0
BRDA:47,6,0,0
BRDA:47,6,1,0
BRDA:52,7,0,0
BRDA:52,7,1,0
BRDA:52,8,0,0
BRDA:52,8,1,0
BRF:20
BRH:0
end_of_record
TN:
SF:server-handlers/_shared.ts
FN:19,(anonymous_0)
FN:22,getAllowedOriginFromString
FN:29,getAllowedOrigin
FN:35,corsHeaders
FN:48,handleCorsPreflightOrMethod
FN:78,verifyAuth
FN:94,(anonymous_6)
FN:113,unauthorizedResponse
FN:125,incrementInFlightCounter
FN:147,checkSessionLimit
FN:152,(anonymous_10)
FN:253,getSubscriptionTier
FN:257,(anonymous_12)
FN:278,validateOrigin
FN:292,isAllowedDomain
FN:314,inMemoryRateLimit
FN:327,redisRateLimit
FN:347,isRateLimited
FN:358,getClientIp
FN:366,rateLimitResponse
FN:376,checkBodySize
FN:382,validateContentType
FN:394,sanitizeForLLM
FN:402,(anonymous_23)
FN:431,checkLLMQuota
FN:464,withRequestId
FN:476,structuredLog
FN:489,(anonymous_27)
FN:490,(anonymous_28)
FN:491,(anonymous_29)
FN:497,applyCorsHeaders
FN:509,handlePreflightAndMethod
FN:518,supabaseServiceHeaders
FN:523,supabaseAnonHeaders
FN:528,supabaseUrl
FN:533,supabaseAnonKey
FN:540,escapeHtml
FN:564,withAuthAndRateLimit
FN:621,errorResponse
FN:626,forbiddenResponse
FN:631,tooLargeResponse
FN:638,getVercelClientIp
FN:649,logServiceUsage
FN:680,(anonymous_43)
FNF:44
FNH:1
FNDA:1,(anonymous_0)
FNDA:0,getAllowedOriginFromString
FNDA:0,getAllowedOrigin
FNDA:0,corsHeaders
FNDA:0,handleCorsPreflightOrMethod
FNDA:0,verifyAuth
FNDA:0,(anonymous_6)
FNDA:0,unauthorizedResponse
FNDA:0,incrementInFlightCounter
FNDA:0,checkSessionLimit
FNDA:0,(anonymous_10)
FNDA:0,getSubscriptionTier
FNDA:0,(anonymous_12)
FNDA:0,validateOrigin
FNDA:0,isAllowedDomain
FNDA:0,inMemoryRateLimit
FNDA:0,redisRateLimit
FNDA:0,isRateLimited
FNDA:0,getClientIp
FNDA:0,rateLimitResponse
FNDA:0,checkBodySize
FNDA:0,validateContentType
FNDA:0,sanitizeForLLM
FNDA:0,(anonymous_23)
FNDA:0,checkLLMQuota
FNDA:0,withRequestId
FNDA:0,structuredLog
FNDA:0,(anonymous_27)
FNDA:0,(anonymous_28)
FNDA:0,(anonymous_29)
FNDA:0,applyCorsHeaders
FNDA:0,handlePreflightAndMethod
FNDA:0,supabaseServiceHeaders
FNDA:0,supabaseAnonHeaders
FNDA:0,supabaseUrl
FNDA:0,supabaseAnonKey
FNDA:0,escapeHtml
FNDA:0,withAuthAndRateLimit
FNDA:0,errorResponse
FNDA:0,forbiddenResponse
FNDA:0,tooLargeResponse
FNDA:0,getVercelClientIp
FNDA:0,logServiceUsage
FNDA:0,(anonymous_43)
DA:8,1
DA:9,1
DA:10,1
DA:13,1
DA:15,1
DA:19,1
DA:23,0
DA:24,0
DA:25,0
DA:30,0
DA:31,0
DA:36,0
DA:37,0
DA:38,0
DA:49,0
DA:50,0
DA:51,0
DA:63,0
DA:64,0
DA:69,0
DA:74,1
DA:75,1
DA:80,0
DA:81,0
DA:82,0
DA:83,0
DA:86,0
DA:87,0
DA:88,0
DA:91,0
DA:92,0
DA:93,0
DA:94,0
DA:95,0
DA:102,0
DA:103,0
DA:104,0
DA:105,0
DA:106,0
DA:108,0
DA:114,0
DA:122,1
DA:123,1
DA:126,0
DA:127,0
DA:128,0
DA:129,0
DA:134,0
DA:135,0
DA:136,0
DA:138,0
DA:139,0
DA:144,1
DA:148,0
DA:150,0
DA:151,0
DA:152,0
DA:154,0
DA:158,0
DA:159,0
DA:160,0
DA:162,0
DA:163,0
DA:166,0
DA:167,0
DA:170,0
DA:172,0
DA:174,0
DA:175,0
DA:176,0
DA:177,0
DA:181,0
DA:182,0
DA:183,0
DA:184,0
DA:185,0
DA:186,0
DA:188,0
DA:191,0
DA:193,0
DA:197,0
DA:198,0
DA:200,0
DA:201,0
DA:204,0
DA:208,0
DA:209,0
DA:211,0
DA:212,0
DA:214,0
DA:216,0
DA:217,0
DA:218,0
DA:222,0
DA:224,0
DA:225,0
DA:226,0
DA:227,0
DA:228,0
DA:232,0
DA:233,0
DA:234,0
DA:235,0
DA:236,0
DA:237,0
DA:240,0
DA:243,0
DA:245,0
DA:246,0
DA:254,0
DA:255,0
DA:256,0
DA:257,0
DA:258,0
DA:262,0
DA:263,0
DA:264,0
DA:265,0
DA:266,0
DA:267,0
DA:268,0
DA:269,0
DA:271,0
DA:279,0
DA:280,0
DA:282,0
DA:283,0
DA:284,0
DA:286,0
DA:287,0
DA:288,0
DA:293,0
DA:294,0
DA:295,0
DA:297,0
DA:298,0
DA:300,0
DA:305,1
DA:306,1
DA:307,1
DA:312,1
DA:315,0
DA:316,0
DA:317,0
DA:318,0
DA:319,0
DA:320,0
DA:321,0
DA:323,0
DA:324,0
DA:328,0
DA:329,0
DA:331,0
DA:336,0
DA:337,0
DA:338,0
DA:339,0
DA:342,0
DA:353,0
DA:354,0
DA:360,0
DA:367,0
DA:377,0
DA:378,0
DA:383,0
DA:384,0
DA:385,0
DA:387,0
DA:395,0
DA:396,0
DA:403,0
DA:404,0
DA:428,1
DA:433,0
DA:434,0
DA:437,0
DA:439,0
DA:440,0
DA:441,0
DA:442,0
DA:447,0
DA:448,0
DA:449,0
DA:450,0
DA:451,0
DA:454,0
DA:455,0
DA:457,0
DA:465,0
DA:477,0
DA:483,0
DA:484,0
DA:485,0
DA:488,1
DA:489,0
DA:490,0
DA:491,0
DA:498,0
DA:499,0
DA:500,0
DA:501,0
DA:502,0
DA:503,0
DA:505,0
DA:510,0
DA:511,0
DA:512,0
DA:519,0
DA:524,0
DA:529,0
DA:534,0
DA:541,0
DA:579,0
DA:580,0
DA:581,0
DA:586,0
DA:587,0
DA:589,0
DA:590,0
DA:591,0
DA:594,0
DA:595,0
DA:597,0
DA:599,0
DA:603,0
DA:604,0
DA:605,0
DA:606,0
DA:608,0
DA:609,0
DA:610,0
DA:611,0
DA:615,0
DA:622,0
DA:627,0
DA:632,0
DA:639,0
DA:646,1
DA:660,0
DA:661,0
LF:240
LH:18
BRDA:19,0,0,1
BRDA:19,0,1,1
BRDA:23,1,0,0
BRDA:23,1,1,0
BRDA:23,2,0,0
BRDA:23,2,1,0
BRDA:24,3,0,0
BRDA:24,3,1,0
BRDA:30,4,0,0
BRDA:30,4,1,0
BRDA:37,5,0,0
BRDA:37,5,1,0
BRDA:49,6,0,0
BRDA:49,6,1,0
BRDA:53,7,0,0
BRDA:53,7,1,0
BRDA:63,8,0,0
BRDA:63,8,1,0
BRDA:74,9,0,1
BRDA:74,9,1,1
BRDA:75,10,0,1
BRDA:75,10,1,1
BRDA:80,11,0,0
BRDA:80,11,1,0
BRDA:80,12,0,0
BRDA:80,12,1,0
BRDA:81,13,0,0
BRDA:81,13,1,0
BRDA:82,14,0,0
BRDA:82,14,1,0
BRDA:87,15,0,0
BRDA:87,15,1,0
BRDA:87,16,0,0
BRDA:87,16,1,0
BRDA:103,17,0,0
BRDA:103,17,1,0
BRDA:105,18,0,0
BRDA:105,18,1,0
BRDA:105,19,0,0
BRDA:105,19,1,0
BRDA:122,20,0,1
BRDA:122,20,1,1
BRDA:123,21,0,1
BRDA:123,21,1,1
BRDA:126,22,0,0
BRDA:126,22,1,0
BRDA:126,23,0,0
BRDA:126,23,1,0
BRDA:134,24,0,0
BRDA:134,24,1,0
BRDA:136,25,0,0
BRDA:136,25,1,0
BRDA:144,26,0,1
BRDA:144,26,1,1
BRDA:148,27,0,0
BRDA:148,27,1,0
BRDA:148,28,0,0
BRDA:148,28,1,0
BRDA:158,29,0,0
BRDA:158,29,1,0
BRDA:160,30,0,0
BRDA:160,30,1,0
BRDA:160,31,0,0
BRDA:160,31,1,0
BRDA:162,32,0,0
BRDA:162,32,1,0
BRDA:166,33,0,0
BRDA:166,33,1,0
BRDA:166,34,0,0
BRDA:166,34,1,0
BRDA:166,34,2,0
BRDA:170,35,0,0
BRDA:170,35,1,0
BRDA:172,36,0,0
BRDA:172,36,1,0
BRDA:182,37,0,0
BRDA:182,37,1,0
BRDA:184,38,0,0
BRDA:184,38,1,0
BRDA:184,39,0,0
BRDA:184,39,1,0
BRDA:185,40,0,0
BRDA:185,40,1,0
BRDA:191,41,0,0
BRDA:191,41,1,0
BRDA:198,42,0,0
BRDA:198,42,1,0
BRDA:201,43,0,0
BRDA:201,43,1,0
BRDA:201,44,0,0
BRDA:201,44,1,0
BRDA:208,45,0,0
BRDA:208,45,1,0
BRDA:209,46,0,0
BRDA:209,46,1,0
BRDA:209,47,0,0
BRDA:209,47,1,0
BRDA:209,48,0,0
BRDA:209,48,1,0
BRDA:211,49,0,0
BRDA:211,49,1,0
BRDA:211,50,0,0
BRDA:211,50,1,0
BRDA:214,51,0,0
BRDA:214,51,1,0
BRDA:217,52,0,0
BRDA:217,52,1,0
BRDA:217,53,0,0
BRDA:217,53,1,0
BRDA:217,53,2,0
BRDA:222,54,0,0
BRDA:222,54,1,0
BRDA:233,55,0,0
BRDA:233,55,1,0
BRDA:235,56,0,0
BRDA:235,56,1,0
BRDA:235,57,0,0
BRDA:235,57,1,0
BRDA:236,58,0,0
BRDA:236,58,1,0
BRDA:254,59,0,0
BRDA:254,59,1,0
BRDA:254,60,0,0
BRDA:254,60,1,0
BRDA:263,61,0,0
BRDA:263,61,1,0
BRDA:265,62,0,0
BRDA:265,62,1,0
BRDA:265,63,0,0
BRDA:265,63,1,0
BRDA:266,64,0,0
BRDA:266,64,1,0
BRDA:268,65,0,0
BRDA:268,65,1,0
BRDA:268,66,0,0
BRDA:268,66,1,0
BRDA:268,66,2,0
BRDA:279,67,0,0
BRDA:279,67,1,0
BRDA:280,68,0,0
BRDA:280,68,1,0
BRDA:282,69,0,0
BRDA:282,69,1,0
BRDA:283,70,0,0
BRDA:283,70,1,0
BRDA:283,71,0,0
BRDA:283,71,1,0
BRDA:286,72,0,0
BRDA:286,72,1,0
BRDA:286,73,0,0
BRDA:286,73,1,0
BRDA:287,74,0,0
BRDA:287,74,1,0
BRDA:293,75,0,0
BRDA:293,75,1,0
BRDA:295,76,0,0
BRDA:295,76,1,0
BRDA:297,77,0,0
BRDA:297,77,1,0
BRDA:297,78,0,0
BRDA:297,78,1,0
BRDA:298,79,0,0
BRDA:298,79,1,0
BRDA:305,80,0,1
BRDA:305,80,1,1
BRDA:306,81,0,1
BRDA:306,81,1,1
BRDA:307,82,0,1
BRDA:307,82,1,0
BRDA:315,83,0,0
BRDA:315,83,1,0
BRDA:319,84,0,0
BRDA:319,84,1,0
BRDA:319,85,0,0
BRDA:319,85,1,0
BRDA:336,86,0,0
BRDA:336,86,1,0
BRDA:338,87,0,0
BRDA:338,87,1,0
BRDA:353,88,0,0
BRDA:353,88,1,0
BRDA:360,89,0,0
BRDA:360,89,1,0
BRDA:360,89,2,0
BRDA:366,90,0,0
BRDA:376,91,0,0
BRDA:377,92,0,0
BRDA:377,92,1,0
BRDA:383,93,0,0
BRDA:383,93,1,0
BRDA:384,94,0,0
BRDA:384,94,1,0
BRDA:394,95,0,0
BRDA:395,96,0,0
BRDA:395,96,1,0
BRDA:404,97,0,0
BRDA:404,97,1,0
BRDA:434,98,0,0
BRDA:434,98,1,0
BRDA:437,99,0,0
BRDA:437,99,1,0
BRDA:437,100,0,0
BRDA:437,100,1,0
BRDA:447,101,0,0
BRDA:447,101,1,0
BRDA:449,102,0,0
BRDA:449,102,1,0
BRDA:450,103,0,0
BRDA:450,103,1,0
BRDA:476,104,0,0
BRDA:483,105,0,0
BRDA:483,105,1,0
BRDA:483,106,0,0
BRDA:483,106,1,0
BRDA:498,107,0,0
BRDA:498,107,1,0
BRDA:499,108,0,0
BRDA:499,108,1,0
BRDA:510,109,0,0
BRDA:510,109,1,0
BRDA:511,110,0,0
BRDA:511,110,1,0
BRDA:580,111,0,0
BRDA:580,111,1,0
BRDA:586,112,0,0
BRDA:586,112,1,0
BRDA:586,113,0,0
BRDA:586,113,1,0
BRDA:587,114,0,0
BRDA:587,114,1,0
BRDA:587,115,0,0
BRDA:587,115,1,0
BRDA:590,116,0,0
BRDA:590,116,1,0
BRDA:590,117,0,0
BRDA:590,117,1,0
BRDA:595,118,0,0
BRDA:595,118,1,0
BRDA:597,119,0,0
BRDA:597,119,1,0
BRDA:597,120,0,0
BRDA:597,120,1,0
BRDA:597,120,2,0
BRDA:603,121,0,0
BRDA:603,121,1,0
BRDA:603,122,0,0
BRDA:603,122,1,0
BRDA:605,123,0,0
BRDA:605,123,1,0
BRDA:608,124,0,0
BRDA:608,124,1,0
BRDA:608,125,0,0
BRDA:608,125,1,0
BRDA:608,125,2,0
BRDA:639,126,0,0
BRDA:639,126,1,0
BRDA:639,126,2,0
BRDA:646,127,0,1
BRDA:646,127,1,1
BRDA:660,128,0,0
BRDA:660,128,1,0
BRDA:660,129,0,0
BRDA:660,129,1,0
BRDA:671,130,0,0
BRDA:671,130,1,0
BRDA:672,131,0,0
BRDA:672,131,1,0
BRDA:674,132,0,0
BRDA:674,132,1,0
BRDA:675,133,0,0
BRDA:675,133,1,0
BRDA:676,134,0,0
BRDA:676,134,1,0
BRDA:677,135,0,0
BRDA:677,135,1,0
BRDA:678,136,0,0
BRDA:678,136,1,0
BRF:277
BRH:19
end_of_record
TN:
SF:server-handlers/_streak-reward.ts
FN:19,computeCurrentStreak
FN:41,pickStreakMilestone
FNF:2
FNH:2
FNDA:9,computeCurrentStreak
FNDA:385,pickStreakMilestone
DA:23,9
DA:24,9
DA:25,428
DA:26,428
DA:27,425
DA:29,9
DA:30,9
DA:31,424
DA:32,424
DA:33,424
DA:34,8
DA:36,9
DA:42,385
DA:43,385
DA:44,1147
DA:46,379
LF:16
LH:16
BRDA:21,0,0,9
BRDA:26,1,0,3
BRDA:26,1,1,425
BRDA:33,2,0,416
BRDA:33,2,1,8
BRDA:44,3,0,6
BRDA:44,3,1,1141
BRDA:44,4,0,1147
BRDA:44,4,1,1118
BRF:9
BRH:9
end_of_record
TN:
SF:server-handlers/_subscription-actions.ts
FN:21,isSubscriptionPauseable
FN:36,isSubscriptionReactivatable
FN:51,cancelRazorpaySubscription
FN:68,pauseRazorpaySubscription
FN:76,(anonymous_4)
FN:90,resumeRazorpaySubscription
FN:98,(anonymous_6)
FN:112,setCancelAtPeriodEnd
FN:136,setSubscriptionPaused
FNF:9
FNH:7
FNDA:7,isSubscriptionPauseable
FNDA:4,isSubscriptionReactivatable
FNDA:4,cancelRazorpaySubscription
FNDA:4,pauseRazorpaySubscription
FNDA:0,(anonymous_4)
FNDA:1,resumeRazorpaySubscription
FNDA:0,(anonymous_6)
FNDA:4,setCancelAtPeriodEnd
FNDA:2,setSubscriptionPaused
DA:23,7
DA:24,3
DA:26,4
DA:27,1
DA:29,3
DA:30,1
DA:32,2
DA:38,4
DA:39,1
DA:41,3
DA:42,1
DA:44,2
DA:45,1
DA:47,1
DA:56,4
DA:57,3
DA:58,3
DA:63,2
DA:64,1
DA:73,4
DA:74,3
DA:75,3
DA:76,3
DA:77,3
DA:83,2
DA:84,2
DA:85,1
DA:86,1
DA:95,1
DA:96,1
DA:97,1
DA:98,1
DA:99,1
DA:105,1
DA:106,1
DA:107,1
DA:108,0
DA:119,4
DA:132,4
DA:143,2
DA:156,2
LF:41
LH:40
BRDA:23,0,0,3
BRDA:23,0,1,4
BRDA:23,1,0,7
BRDA:23,1,1,5
BRDA:23,1,2,5
BRDA:26,2,0,1
BRDA:26,2,1,3
BRDA:26,3,0,4
BRDA:26,3,1,4
BRDA:29,4,0,1
BRDA:29,4,1,2
BRDA:38,5,0,1
BRDA:38,5,1,3
BRDA:41,6,0,1
BRDA:41,6,1,2
BRDA:44,7,0,1
BRDA:44,7,1,1
BRDA:44,8,0,2
BRDA:44,8,1,2
BRDA:54,9,0,4
BRDA:56,10,0,1
BRDA:56,10,1,3
BRDA:56,11,0,4
BRDA:56,11,1,3
BRDA:71,12,0,4
BRDA:73,13,0,1
BRDA:73,13,1,3
BRDA:73,14,0,4
BRDA:73,14,1,3
BRDA:84,15,0,1
BRDA:84,15,1,1
BRDA:86,16,0,1
BRDA:86,16,1,0
BRDA:93,17,0,1
BRDA:95,18,0,0
BRDA:95,18,1,1
BRDA:95,19,0,1
BRDA:95,19,1,1
BRDA:106,20,0,0
BRDA:106,20,1,1
BRDA:108,21,0,0
BRDA:108,21,1,0
BRDA:117,22,0,4
BRDA:141,23,0,2
BRF:44
BRH:39
end_of_record
TN:
SF:server-handlers/admin-data.ts
FN:28,isRateLimited
FN:35,recordAttempt
FN:45,clearAttempts
FN:49,getClientIp
FN:57,createToken
FN:64,verifyToken
FN:79,verifyPassword
FN:94,verifyAuth
FN:110,supa
FN:123,fetchJSON
FN:126,(anonymous_10)
FN:134,fetchCount
FN:145,daysAgo
FN:151,getOverview
FN:199,(anonymous_14)
FN:201,(anonymous_15)
FN:215,(anonymous_16)
FN:216,(anonymous_17)
FN:217,(anonymous_18)
FN:217,(anonymous_19)
FN:220,(anonymous_20)
FN:221,(anonymous_21)
FN:223,(anonymous_22)
FN:225,(anonymous_23)
FN:228,(anonymous_24)
FN:229,(anonymous_25)
FN:235,getUsers
FN:250,(anonymous_27)
FN:255,(anonymous_28)
FN:266,(anonymous_29)
FN:283,getUserDetail
FN:296,getFinancials
FN:303,(anonymous_32)
FN:305,(anonymous_33)
FN:306,(anonymous_34)
FN:306,(anonymous_35)
FN:321,(anonymous_36)
FN:327,getLLMUsage
FN:368,(anonymous_38)
FN:369,(anonymous_39)
FN:369,(anonymous_40)
FN:370,(anonymous_41)
FN:371,(anonymous_42)
FN:382,(anonymous_43)
FN:382,(anonymous_44)
FN:391,buildServiceDetails
FN:396,(anonymous_46)
FN:399,(anonymous_47)
FN:400,(anonymous_48)
FN:401,(anonymous_49)
FN:402,(anonymous_50)
FN:403,(anonymous_51)
FN:406,(anonymous_52)
FN:407,(anonymous_53)
FN:408,(anonymous_54)
FN:409,(anonymous_55)
FN:410,(anonymous_56)
FN:436,(anonymous_57)
FN:437,(anonymous_58)
FN:438,(anonymous_59)
FN:448,(anonymous_60)
FN:463,(anonymous_61)
FN:465,(anonymous_62)
FN:481,(anonymous_63)
FN:483,(anonymous_64)
FN:592,getSessions
FN:627,(anonymous_66)
FN:630,(anonymous_67)
FN:636,getFeedback
FN:653,handler
FN:680,(anonymous_70)
FNF:71
FNH:0
FNDA:0,isRateLimited
FNDA:0,recordAttempt
FNDA:0,clearAttempts
FNDA:0,getClientIp
FNDA:0,createToken
FNDA:0,verifyToken
FNDA:0,verifyPassword
FNDA:0,verifyAuth
FNDA:0,supa
FNDA:0,fetchJSON
FNDA:0,(anonymous_10)
FNDA:0,fetchCount
FNDA:0,daysAgo
FNDA:0,getOverview
FNDA:0,(anonymous_14)
FNDA:0,(anonymous_15)
FNDA:0,(anonymous_16)
FNDA:0,(anonymous_17)
FNDA:0,(anonymous_18)
FNDA:0,(anonymous_19)
FNDA:0,(anonymous_20)
FNDA:0,(anonymous_21)
FNDA:0,(anonymous_22)
FNDA:0,(anonymous_23)
FNDA:0,(anonymous_24)
FNDA:0,(anonymous_25)
FNDA:0,getUsers
FNDA:0,(anonymous_27)
FNDA:0,(anonymous_28)
FNDA:0,(anonymous_29)
FNDA:0,getUserDetail
FNDA:0,getFinancials
FNDA:0,(anonymous_32)
FNDA:0,(anonymous_33)
FNDA:0,(anonymous_34)
FNDA:0,(anonymous_35)
FNDA:0,(anonymous_36)
FNDA:0,getLLMUsage
FNDA:0,(anonymous_38)
FNDA:0,(anonymous_39)
FNDA:0,(anonymous_40)
FNDA:0,(anonymous_41)
FNDA:0,(anonymous_42)
FNDA:0,(anonymous_43)
FNDA:0,(anonymous_44)
FNDA:0,buildServiceDetails
FNDA:0,(anonymous_46)
FNDA:0,(anonymous_47)
FNDA:0,(anonymous_48)
FNDA:0,(anonymous_49)
FNDA:0,(anonymous_50)
FNDA:0,(anonymous_51)
FNDA:0,(anonymous_52)
FNDA:0,(anonymous_53)
FNDA:0,(anonymous_54)
FNDA:0,(anonymous_55)
FNDA:0,(anonymous_56)
FNDA:0,(anonymous_57)
FNDA:0,(anonymous_58)
FNDA:0,(anonymous_59)
FNDA:0,(anonymous_60)
FNDA:0,(anonymous_61)
FNDA:0,(anonymous_62)
FNDA:0,(anonymous_63)
FNDA:0,(anonymous_64)
FNDA:0,getSessions
FNDA:0,(anonymous_66)
FNDA:0,(anonymous_67)
FNDA:0,getFeedback
FNDA:0,handler
FNDA:0,(anonymous_70)
DA:5,0
DA:9,0
DA:10,0
DA:11,0
DA:12,0
DA:13,0
DA:16,0
DA:17,0
DA:18,0
DA:19,0
DA:20,0
DA:24,0
DA:25,0
DA:26,0
DA:29,0
DA:30,0
DA:31,0
DA:32,0
DA:36,0
DA:37,0
DA:38,0
DA:39,0
DA:41,0
DA:46,0
DA:50,0
DA:51,0
DA:52,0
DA:58,0
DA:59,0
DA:60,0
DA:61,0
DA:65,0
DA:66,0
DA:67,0
DA:68,0
DA:69,0
DA:70,0
DA:71,0
DA:72,0
DA:73,0
DA:74,0
DA:80,0
DA:81,0
DA:82,0
DA:83,0
DA:85,0
DA:86,0
DA:87,0
DA:88,0
DA:90,0
DA:96,0
DA:97,0
DA:98,0
DA:101,0
DA:102,0
DA:103,0
DA:105,0
DA:111,0
DA:124,0
DA:125,0
DA:126,0
DA:127,0
DA:128,0
DA:130,0
DA:131,0
DA:135,0
DA:136,0
DA:137,0
DA:138,0
DA:139,0
DA:140,0
DA:142,0
DA:146,0
DA:152,0
DA:153,0
DA:154,0
DA:166,0
DA:185,0
DA:188,0
DA:189,0
DA:190,0
DA:191,0
DA:192,0
DA:193,0
DA:194,0
DA:199,0
DA:200,0
DA:201,0
DA:205,0
DA:206,0
DA:207,0
DA:209,0
DA:210,0
DA:211,0
DA:215,0
DA:216,0
DA:217,0
DA:220,0
DA:221,0
DA:222,0
DA:223,0
DA:224,0
DA:225,0
DA:227,0
DA:228,0
DA:229,0
DA:236,0
DA:237,0
DA:238,0
DA:242,0
DA:247,0
DA:250,0
DA:251,0
DA:252,0
DA:254,0
DA:255,0
DA:257,0
DA:258,0
DA:262,0
DA:266,0
DA:280,0
DA:284,0
DA:285,0
DA:293,0
DA:297,0
DA:301,0
DA:302,0
DA:303,0
DA:305,0
DA:306,0
DA:308,0
DA:309,0
DA:311,0
DA:312,0
DA:313,0
DA:315,0
DA:321,0
DA:328,0
DA:334,0
DA:335,0
DA:337,0
DA:338,0
DA:339,0
DA:340,0
DA:342,0
DA:344,0
DA:345,0
DA:346,0
DA:347,0
DA:348,0
DA:349,0
DA:352,0
DA:353,0
DA:354,0
DA:355,0
DA:358,0
DA:359,0
DA:363,0
DA:364,0
DA:365,0
DA:368,0
DA:369,0
DA:370,0
DA:371,0
DA:373,0
DA:382,0
DA:394,0
DA:395,0
DA:396,0
DA:399,0
DA:400,0
DA:401,0
DA:402,0
DA:403,0
DA:406,0
DA:407,0
DA:408,0
DA:409,0
DA:410,0
DA:413,0
DA:420,0
DA:421,0
DA:422,0
DA:423,0
DA:424,0
DA:425,0
DA:426,0
DA:427,0
DA:428,0
DA:429,0
DA:431,0
DA:432,0
DA:433,0
DA:436,0
DA:437,0
DA:438,0
DA:440,0
DA:441,0
DA:442,0
DA:443,0
DA:444,0
DA:447,0
DA:448,0
DA:449,0
DA:450,0
DA:452,0
DA:463,0
DA:465,0
DA:481,0
DA:483,0
DA:593,0
DA:601,0
DA:602,0
DA:603,0
DA:604,0
DA:605,0
DA:606,0
DA:608,0
DA:609,0
DA:610,0
DA:611,0
DA:612,0
DA:613,0
DA:614,0
DA:615,0
DA:616,0
DA:617,0
DA:622,0
DA:623,0
DA:625,0
DA:627,0
DA:630,0
DA:637,0
DA:645,0
DA:646,0
DA:648,0
DA:654,0
DA:656,0
DA:659,0
DA:660,0
DA:663,0
DA:664,0
DA:665,0
DA:666,0
DA:670,0
DA:672,0
DA:673,0
DA:676,0
DA:677,0
DA:679,0
DA:680,0
DA:681,0
DA:682,0
DA:683,0
DA:685,0
DA:686,0
DA:687,0
DA:688,0
DA:689,0
DA:690,0
DA:691,0
DA:696,0
DA:698,0
DA:699,0
DA:700,0
LF:265
LH:0
BRDA:9,0,0,0
BRDA:9,0,1,0
BRDA:10,1,0,0
BRDA:10,1,1,0
BRDA:11,2,0,0
BRDA:11,2,1,0
BRDA:12,3,0,0
BRDA:12,3,1,0
BRDA:31,4,0,0
BRDA:31,4,1,0
BRDA:31,5,0,0
BRDA:31,5,1,0
BRDA:38,6,0,0
BRDA:38,6,1,0
BRDA:38,7,0,0
BRDA:38,7,1,0
BRDA:51,8,0,0
BRDA:51,8,1,0
BRDA:67,9,0,0
BRDA:67,9,1,0
BRDA:67,10,0,0
BRDA:67,10,1,0
BRDA:70,11,0,0
BRDA:70,11,1,0
BRDA:72,12,0,0
BRDA:72,12,1,0
BRDA:80,13,0,0
BRDA:80,13,1,0
BRDA:80,14,0,0
BRDA:80,14,1,0
BRDA:83,15,0,0
BRDA:83,15,1,0
BRDA:97,16,0,0
BRDA:97,16,1,0
BRDA:97,17,0,0
BRDA:97,17,1,0
BRDA:97,17,2,0
BRDA:102,18,0,0
BRDA:102,18,1,0
BRDA:102,19,0,0
BRDA:102,19,1,0
BRDA:102,19,2,0
BRDA:118,20,0,0
BRDA:118,20,1,0
BRDA:125,21,0,0
BRDA:125,21,1,0
BRDA:131,22,0,0
BRDA:131,22,1,0
BRDA:134,23,0,0
BRDA:138,24,0,0
BRDA:138,24,1,0
BRDA:140,25,0,0
BRDA:140,25,1,0
BRDA:191,26,0,0
BRDA:191,26,1,0
BRDA:191,27,0,0
BRDA:191,27,1,0
BRDA:191,28,0,0
BRDA:191,28,1,0
BRDA:192,29,0,0
BRDA:192,29,1,0
BRDA:194,30,0,0
BRDA:194,30,1,0
BRDA:199,31,0,0
BRDA:199,31,1,0
BRDA:200,32,0,0
BRDA:200,32,1,0
BRDA:211,33,0,0
BRDA:211,33,1,0
BRDA:211,34,0,0
BRDA:211,34,1,0
BRDA:215,35,0,0
BRDA:215,35,1,0
BRDA:215,35,2,0
BRDA:216,36,0,0
BRDA:216,36,1,0
BRDA:217,37,0,0
BRDA:217,37,1,0
BRDA:221,38,0,0
BRDA:221,38,1,0
BRDA:222,39,0,0
BRDA:222,39,1,0
BRDA:224,40,0,0
BRDA:224,40,1,0
BRDA:225,41,0,0
BRDA:225,41,1,0
BRDA:235,42,0,0
BRDA:235,43,0,0
BRDA:237,44,0,0
BRDA:237,44,1,0
BRDA:244,45,0,0
BRDA:244,45,1,0
BRDA:247,46,0,0
BRDA:247,46,1,0
BRDA:252,47,0,0
BRDA:252,47,1,0
BRDA:258,48,0,0
BRDA:258,48,1,0
BRDA:268,49,0,0
BRDA:268,49,1,0
BRDA:270,50,0,0
BRDA:270,50,1,0
BRDA:271,51,0,0
BRDA:271,51,1,0
BRDA:272,52,0,0
BRDA:272,52,1,0
BRDA:293,53,0,0
BRDA:293,53,1,0
BRDA:303,54,0,0
BRDA:303,54,1,0
BRDA:303,54,2,0
BRDA:305,55,0,0
BRDA:305,55,1,0
BRDA:306,56,0,0
BRDA:306,56,1,0
BRDA:309,57,0,0
BRDA:309,57,1,0
BRDA:309,57,2,0
BRDA:309,58,0,0
BRDA:309,58,1,0
BRDA:313,59,0,0
BRDA:313,59,1,0
BRDA:313,60,0,0
BRDA:313,60,1,0
BRDA:313,61,0,0
BRDA:313,61,1,0
BRDA:322,62,0,0
BRDA:322,62,1,0
BRDA:344,63,0,0
BRDA:344,63,1,0
BRDA:345,64,0,0
BRDA:345,64,1,0
BRDA:347,65,0,0
BRDA:347,65,1,0
BRDA:348,66,0,0
BRDA:348,66,1,0
BRDA:349,67,0,0
BRDA:349,67,1,0
BRDA:349,68,0,0
BRDA:349,68,1,0
BRDA:352,69,0,0
BRDA:352,69,1,0
BRDA:353,70,0,0
BRDA:353,70,1,0
BRDA:355,71,0,0
BRDA:355,71,1,0
BRDA:359,72,0,0
BRDA:359,72,1,0
BRDA:359,73,0,0
BRDA:359,73,1,0
BRDA:359,74,0,0
BRDA:359,74,1,0
BRDA:365,75,0,0
BRDA:365,75,1,0
BRDA:368,76,0,0
BRDA:368,76,1,0
BRDA:369,77,0,0
BRDA:369,77,1,0
BRDA:371,78,0,0
BRDA:371,78,1,0
BRDA:377,79,0,0
BRDA:377,79,1,0
BRDA:378,80,0,0
BRDA:378,80,1,0
BRDA:382,81,0,0
BRDA:382,81,1,0
BRDA:399,82,0,0
BRDA:399,82,1,0
BRDA:399,82,2,0
BRDA:400,83,0,0
BRDA:400,83,1,0
BRDA:400,83,2,0
BRDA:401,84,0,0
BRDA:401,84,1,0
BRDA:402,85,0,0
BRDA:402,85,1,0
BRDA:403,86,0,0
BRDA:403,86,1,0
BRDA:403,87,0,0
BRDA:403,87,1,0
BRDA:406,88,0,0
BRDA:406,88,1,0
BRDA:407,89,0,0
BRDA:407,89,1,0
BRDA:408,90,0,0
BRDA:408,90,1,0
BRDA:409,91,0,0
BRDA:409,91,1,0
BRDA:410,92,0,0
BRDA:410,92,1,0
BRDA:410,93,0,0
BRDA:410,93,1,0
BRDA:422,94,0,0
BRDA:422,94,1,0
BRDA:426,95,0,0
BRDA:426,95,1,0
BRDA:427,96,0,0
BRDA:427,96,1,0
BRDA:427,97,0,0
BRDA:427,97,1,0
BRDA:429,98,0,0
BRDA:429,98,1,0
BRDA:431,99,0,0
BRDA:431,99,1,0
BRDA:432,100,0,0
BRDA:432,100,1,0
BRDA:432,101,0,0
BRDA:432,101,1,0
BRDA:433,102,0,0
BRDA:433,102,1,0
BRDA:436,103,0,0
BRDA:436,103,1,0
BRDA:437,104,0,0
BRDA:437,104,1,0
BRDA:438,105,0,0
BRDA:438,105,1,0
BRDA:438,106,0,0
BRDA:438,106,1,0
BRDA:458,107,0,0
BRDA:458,107,1,0
BRDA:463,108,0,0
BRDA:463,108,1,0
BRDA:465,109,0,0
BRDA:465,109,1,0
BRDA:476,110,0,0
BRDA:476,110,1,0
BRDA:481,111,0,0
BRDA:481,111,1,0
BRDA:483,112,0,0
BRDA:483,112,1,0
BRDA:483,112,2,0
BRDA:609,113,0,0
BRDA:609,113,1,0
BRDA:610,114,0,0
BRDA:610,114,1,0
BRDA:610,115,0,0
BRDA:610,115,1,0
BRDA:610,116,0,0
BRDA:610,116,1,0
BRDA:611,117,0,0
BRDA:611,117,1,0
BRDA:611,118,0,0
BRDA:611,118,1,0
BRDA:611,119,0,0
BRDA:611,119,1,0
BRDA:612,120,0,0
BRDA:612,120,1,0
BRDA:613,121,0,0
BRDA:613,121,1,0
BRDA:615,122,0,0
BRDA:615,122,1,0
BRDA:627,123,0,0
BRDA:627,123,1,0
BRDA:627,124,0,0
BRDA:627,124,1,0
BRDA:628,125,0,0
BRDA:628,125,1,0
BRDA:646,126,0,0
BRDA:646,126,1,0
BRDA:654,127,0,0
BRDA:654,127,1,0
BRDA:659,128,0,0
BRDA:659,128,1,0
BRDA:664,129,0,0
BRDA:664,129,1,0
BRDA:672,130,0,0
BRDA:672,130,1,0
BRDA:672,131,0,0
BRDA:672,131,1,0
BRDA:677,132,0,0
BRDA:677,132,1,0
BRDA:681,133,0,0
BRDA:681,133,1,0
BRDA:681,133,2,0
BRDA:681,133,3,0
BRDA:681,133,4,0
BRDA:681,133,5,0
BRDA:681,133,6,0
BRDA:681,133,7,0
BRDA:685,134,0,0
BRDA:685,134,1,0
BRDA:699,135,0,0
BRDA:699,135,1,0
BRDA:700,136,0,0
BRDA:700,136,1,0
BRDA:700,137,0,0
BRDA:700,137,1,0
BRF:287
BRH:0
end_of_record
TN:
SF:server-handlers/analyze-jd-match.ts
FN:8,handler
FNF:1
FNH:0
FNDA:0,handler
DA:3,0
DA:9,0
DA:10,0
DA:12,0
DA:14,0
DA:15,0
DA:18,0
DA:19,0
DA:20,0
DA:23,0
DA:24,0
DA:26,0
DA:27,0
DA:28,0
DA:31,0
DA:32,0
DA:34,0
DA:35,0
DA:37,0
DA:38,0
DA:41,0
DA:42,0
DA:44,0
DA:68,0
DA:69,0
DA:71,0
DA:72,0
DA:75,0
DA:77,0
DA:78,0
DA:79,0
LF:31
LH:0
BRDA:10,0,0,0
BRDA:10,0,1,0
BRDA:14,1,0,0
BRDA:14,1,1,0
BRDA:19,2,0,0
BRDA:19,2,1,0
BRDA:24,3,0,0
BRDA:24,3,1,0
BRDA:27,4,0,0
BRDA:27,4,1,0
BRDA:34,5,0,0
BRDA:34,5,1,0
BRDA:34,6,0,0
BRDA:34,6,1,0
BRDA:34,6,2,0
BRDA:37,7,0,0
BRDA:37,7,1,0
BRDA:37,8,0,0
BRDA:37,8,1,0
BRDA:37,8,2,0
BRDA:71,9,0,0
BRDA:71,9,1,0
BRDA:77,10,0,0
BRDA:77,10,1,0
BRDA:77,10,2,0
BRDA:80,11,0,0
BRDA:80,11,1,0
BRDA:81,12,0,0
BRDA:81,12,1,0
BRF:29
BRH:0
end_of_record
TN:
SF:server-handlers/analyze-resume.ts
FN:12,handler
FNF:1
FNH:0
FNDA:0,handler
DA:3,0
DA:9,0
DA:10,0
DA:13,0
DA:15,0
DA:16,0
DA:23,0
DA:29,0
DA:30,0
DA:32,0
DA:33,0
DA:35,0
DA:36,0
DA:38,0
DA:39,0
DA:42,0
DA:43,0
DA:45,0
DA:77,0
DA:82,0
DA:83,0
DA:85,0
DA:86,0
DA:87,0
DA:88,0
DA:91,0
DA:92,0
DA:93,0
DA:95,0
DA:97,0
DA:98,0
DA:99,0
DA:100,0
DA:101,0
LF:34
LH:0
BRDA:9,0,0,0
BRDA:9,0,1,0
BRDA:10,1,0,0
BRDA:10,1,1,0
BRDA:15,2,0,0
BRDA:15,2,1,0
BRDA:15,3,0,0
BRDA:15,3,1,0
BRDA:29,4,0,0
BRDA:29,4,1,0
BRDA:35,5,0,0
BRDA:35,5,1,0
BRDA:35,6,0,0
BRDA:35,6,1,0
BRDA:35,6,2,0
BRDA:38,7,0,0
BRDA:38,7,1,0
BRDA:42,8,0,0
BRDA:42,8,1,0
BRDA:86,9,0,0
BRDA:86,9,1,0
BRDA:98,10,0,0
BRDA:98,10,1,0
BRDA:98,10,2,0
BRDA:99,11,0,0
BRDA:99,11,1,0
BRDA:100,12,0,0
BRDA:100,12,1,0
BRDA:102,13,0,0
BRDA:102,13,1,0
BRDA:103,14,0,0
BRDA:103,14,1,0
BRF:32
BRH:0
end_of_record
TN:
SF:server-handlers/audit-log.ts
FN:27,handler
FN:85,(anonymous_1)
FNF:2
FNH:0
FNDA:0,handler
FNDA:0,(anonymous_1)
DA:6,0
DA:12,0
DA:13,0
DA:16,0
DA:28,0
DA:29,0
DA:30,0
DA:32,0
DA:34,0
DA:38,0
DA:39,0
DA:42,0
DA:43,0
DA:44,0
DA:48,0
DA:49,0
DA:52,0
DA:53,0
DA:54,0
DA:55,0
DA:59,0
DA:60,0
DA:61,0
DA:62,0
DA:63,0
DA:64,0
DA:67,0
DA:68,0
DA:84,0
DA:85,0
DA:87,0
DA:88,0
DA:90,0
DA:92,0
DA:94,0
DA:95,0
LF:36
LH:0
BRDA:12,0,0,0
BRDA:12,0,1,0
BRDA:12,0,2,0
BRDA:13,1,0,0
BRDA:13,1,1,0
BRDA:29,2,0,0
BRDA:29,2,1,0
BRDA:32,3,0,0
BRDA:32,3,1,0
BRDA:32,4,0,0
BRDA:32,4,1,0
BRDA:38,5,0,0
BRDA:38,5,1,0
BRDA:39,6,0,0
BRDA:39,6,1,0
BRDA:43,7,0,0
BRDA:43,7,1,0
BRDA:49,8,0,0
BRDA:49,8,1,0
BRDA:54,9,0,0
BRDA:54,9,1,0
BRDA:54,10,0,0
BRDA:54,10,1,0
BRDA:54,10,2,0
BRDA:59,11,0,0
BRDA:59,11,1,0
BRDA:62,12,0,0
BRDA:62,12,1,0
BRDA:63,13,0,0
BRDA:63,13,1,0
BRDA:63,14,0,0
BRDA:63,14,1,0
BRDA:81,15,0,0
BRDA:81,15,1,0
BRDA:84,16,0,0
BRDA:84,16,1,0
BRDA:87,17,0,0
BRDA:87,17,1,0
BRDA:87,18,0,0
BRDA:87,18,1,0
BRDA:94,19,0,0
BRDA:94,19,1,0
BRF:42
BRH:0
end_of_record
TN:
SF:server-handlers/azure-tts.ts
FN:22,escapeXml
FN:27,voiceMatchesGender
FN:34,pickVoice
FN:43,(anonymous_3)
FN:49,handler
FN:95,(anonymous_5)
FN:113,(anonymous_6)
FNF:7
FNH:0
FNDA:0,escapeXml
FNDA:0,voiceMatchesGender
FNDA:0,pickVoice
FNDA:0,(anonymous_3)
FNDA:0,handler
FNDA:0,(anonymous_5)
FNDA:0,(anonymous_6)
DA:4,0
DA:9,0
DA:10,0
DA:11,0
DA:14,0
DA:23,0
DA:28,0
DA:29,0
DA:30,0
DA:31,0
DA:36,0
DA:37,0
DA:40,0
DA:42,0
DA:43,0
DA:44,0
DA:46,0
DA:50,0
DA:51,0
DA:53,0
DA:55,0
DA:56,0
DA:57,0
DA:60,0
DA:61,0
DA:64,0
DA:65,0
DA:68,0
DA:69,0
DA:71,0
DA:72,0
DA:73,0
DA:76,0
DA:77,0
DA:81,0
DA:82,0
DA:85,0
DA:86,0
DA:87,0
DA:90,0
DA:92,0
DA:94,0
DA:95,0
DA:96,0
DA:98,0
DA:109,0
DA:110,0
DA:112,0
DA:113,0
DA:114,0
DA:115,0
DA:116,0
DA:119,0
DA:120,0
DA:121,0
DA:122,0
DA:125,0
DA:127,0
DA:134,0
DA:135,0
DA:136,0
DA:137,0
DA:140,0
DA:142,0
DA:143,0
DA:144,0
LF:66
LH:0
BRDA:9,0,0,0
BRDA:9,0,1,0
BRDA:10,1,0,0
BRDA:10,1,1,0
BRDA:30,2,0,0
BRDA:30,2,1,0
BRDA:36,3,0,0
BRDA:36,3,1,0
BRDA:36,4,0,0
BRDA:36,4,1,0
BRDA:37,5,0,0
BRDA:37,5,1,0
BRDA:37,6,0,0
BRDA:37,6,1,0
BRDA:40,7,0,0
BRDA:40,7,1,0
BRDA:42,8,0,0
BRDA:42,8,1,0
BRDA:51,9,0,0
BRDA:51,9,1,0
BRDA:55,10,0,0
BRDA:55,10,1,0
BRDA:56,11,0,0
BRDA:56,11,1,0
BRDA:60,12,0,0
BRDA:60,12,1,0
BRDA:64,13,0,0
BRDA:64,13,1,0
BRDA:69,14,0,0
BRDA:69,14,1,0
BRDA:72,15,0,0
BRDA:72,15,1,0
BRDA:81,16,0,0
BRDA:81,16,1,0
BRDA:81,17,0,0
BRDA:81,17,1,0
BRDA:86,18,0,0
BRDA:86,18,1,0
BRDA:112,19,0,0
BRDA:112,19,1,0
BRDA:120,20,0,0
BRDA:120,20,1,0
BRDA:135,21,0,0
BRDA:135,21,1,0
BRDA:143,22,0,0
BRDA:143,22,1,0
BRF:46
BRH:0
end_of_record
TN:
SF:server-handlers/cancel-subscription.ts
FN:19,handler
FNF:1
FNH:0
FNDA:0,handler
DA:12,0
DA:13,0
DA:14,0
DA:15,0
DA:16,0
DA:17,0
DA:20,0
DA:21,0
DA:23,0
DA:26,0
DA:27,0
DA:28,0
DA:32,0
DA:33,0
DA:36,0
DA:37,0
DA:38,0
DA:42,0
DA:43,0
DA:44,0
DA:47,0
DA:48,0
DA:50,0
DA:51,0
DA:54,0
DA:55,0
DA:56,0
DA:58,0
DA:61,0
DA:63,0
DA:67,0
DA:68,0
DA:69,0
DA:72,0
DA:73,0
DA:74,0
DA:75,0
DA:81,0
DA:86,0
DA:102,0
DA:103,0
DA:107,0
DA:108,0
DA:111,0
DA:112,0
DA:113,0
DA:124,0
DA:128,0
DA:130,0
DA:131,0
LF:50
LH:0
BRDA:12,0,0,0
BRDA:12,0,1,0
BRDA:13,1,0,0
BRDA:13,1,1,0
BRDA:14,2,0,0
BRDA:14,2,1,0
BRDA:15,3,0,0
BRDA:15,3,1,0
BRDA:16,4,0,0
BRDA:16,4,1,0
BRDA:17,5,0,0
BRDA:17,5,1,0
BRDA:23,6,0,0
BRDA:23,6,1,0
BRDA:26,7,0,0
BRDA:26,7,1,0
BRDA:27,8,0,0
BRDA:27,8,1,0
BRDA:32,9,0,0
BRDA:32,9,1,0
BRDA:37,10,0,0
BRDA:37,10,1,0
BRDA:37,11,0,0
BRDA:37,11,1,0
BRDA:43,12,0,0
BRDA:43,12,1,0
BRDA:43,13,0,0
BRDA:43,13,1,0
BRDA:54,14,0,0
BRDA:54,14,1,0
BRDA:68,15,0,0
BRDA:68,15,1,0
BRDA:72,16,0,0
BRDA:72,16,1,0
BRDA:72,17,0,0
BRDA:72,17,1,0
BRDA:72,17,2,0
BRDA:102,18,0,0
BRDA:102,18,1,0
BRDA:107,19,0,0
BRDA:107,19,1,0
BRDA:107,20,0,0
BRDA:107,20,1,0
BRDA:108,21,0,0
BRDA:108,21,1,0
BRDA:111,22,0,0
BRDA:111,22,1,0
BRDA:120,23,0,0
BRDA:120,23,1,0
BRF:49
BRH:0
end_of_record
TN:
SF:server-handlers/cleanup-deleted-accounts.ts
FN:11,handler
FNF:1
FNH:0
FNDA:0,handler
DA:8,0
DA:9,0
DA:13,0
DA:14,0
DA:15,0
DA:16,0
DA:17,0
DA:20,0
DA:21,0
DA:22,0
DA:25,0
DA:32,0
DA:33,0
DA:35,0
DA:37,0
DA:41,0
DA:42,0
DA:44,0
DA:45,0
DA:47,0
DA:48,0
DA:50,0
DA:51,0
DA:52,0
DA:54,0
DA:61,0
DA:62,0
DA:63,0
DA:65,0
DA:66,0
DA:70,0
DA:71,0
DA:73,0
DA:74,0
LF:34
LH:0
BRDA:8,0,0,0
BRDA:8,0,1,0
BRDA:9,1,0,0
BRDA:9,1,1,0
BRDA:13,2,0,0
BRDA:13,2,1,0
BRDA:15,3,0,0
BRDA:15,3,1,0
BRDA:16,4,0,0
BRDA:16,4,1,0
BRDA:16,5,0,0
BRDA:16,5,1,0
BRDA:21,6,0,0
BRDA:21,6,1,0
BRDA:21,7,0,0
BRDA:21,7,1,0
BRDA:41,8,0,0
BRDA:41,8,1,0
BRDA:45,9,0,0
BRDA:45,9,1,0
BRF:20
BRH:0
end_of_record
TN:
SF:server-handlers/create-order.ts
FN:26,handler
FN:116,(anonymous_1)
FN:148,(anonymous_2)
FN:161,(anonymous_3)
FN:175,(anonymous_4)
FN:194,(anonymous_5)
FNF:6
FNH:0
FNDA:0,handler
FNDA:0,(anonymous_1)
FNDA:0,(anonymous_2)
FNDA:0,(anonymous_3)
FNDA:0,(anonymous_4)
FNDA:0,(anonymous_5)
DA:13,0
DA:14,0
DA:15,0
DA:16,0
DA:18,0
DA:27,0
DA:28,0
DA:31,0
DA:32,0
DA:33,0
DA:37,0
DA:38,0
DA:42,0
DA:43,0
DA:44,0
DA:45,0
DA:48,0
DA:49,0
DA:50,0
DA:54,0
DA:55,0
DA:57,0
DA:58,0
DA:59,0
DA:62,0
DA:63,0
DA:64,0
DA:65,0
DA:67,0
DA:69,0
DA:70,0
DA:73,0
DA:74,0
DA:75,0
DA:76,0
DA:78,0
DA:79,0
DA:82,0
DA:83,0
DA:84,0
DA:87,0
DA:88,0
DA:89,0
DA:90,0
DA:92,0
DA:95,0
DA:96,0
DA:97,0
DA:99,0
DA:102,0
DA:103,0
DA:104,0
DA:105,0
DA:116,0
DA:117,0
DA:120,0
DA:121,0
DA:122,0
DA:123,0
DA:133,0
DA:136,0
DA:139,0
DA:140,0
DA:142,0
DA:143,0
DA:144,0
DA:145,0
DA:147,0
DA:148,0
DA:149,0
DA:158,0
DA:160,0
DA:161,0
DA:162,0
DA:163,0
DA:166,0
DA:169,0
DA:172,0
DA:173,0
DA:182,0
DA:183,0
DA:184,0
DA:192,0
DA:197,0
DA:207,0
DA:208,0
LF:86
LH:0
BRDA:13,0,0,0
BRDA:13,0,1,0
BRDA:14,1,0,0
BRDA:14,1,1,0
BRDA:15,2,0,0
BRDA:15,2,1,0
BRDA:16,3,0,0
BRDA:16,3,1,0
BRDA:28,4,0,0
BRDA:28,4,1,0
BRDA:31,5,0,0
BRDA:31,5,1,0
BRDA:32,6,0,0
BRDA:32,6,1,0
BRDA:37,7,0,0
BRDA:37,7,1,0
BRDA:43,8,0,0
BRDA:43,8,1,0
BRDA:48,9,0,0
BRDA:48,9,1,0
BRDA:48,10,0,0
BRDA:48,10,1,0
BRDA:57,11,0,0
BRDA:57,11,1,0
BRDA:58,12,0,0
BRDA:58,12,1,0
BRDA:58,13,0,0
BRDA:58,13,1,0
BRDA:58,13,2,0
BRDA:62,14,0,0
BRDA:62,14,1,0
BRDA:69,15,0,0
BRDA:69,15,1,0
BRDA:69,16,0,0
BRDA:69,16,1,0
BRDA:75,17,0,0
BRDA:75,17,1,0
BRDA:75,18,0,0
BRDA:75,18,1,0
BRDA:79,19,0,0
BRDA:79,19,1,0
BRDA:82,20,0,0
BRDA:82,20,1,0
BRDA:82,21,0,0
BRDA:82,21,1,0
BRDA:82,21,2,0
BRDA:82,21,3,0
BRDA:83,22,0,0
BRDA:83,22,1,0
BRDA:84,23,0,0
BRDA:84,23,1,0
BRDA:84,24,0,0
BRDA:84,24,1,0
BRDA:87,25,0,0
BRDA:87,25,1,0
BRDA:87,26,0,0
BRDA:87,26,1,0
BRDA:89,27,0,0
BRDA:89,27,1,0
BRDA:89,28,0,0
BRDA:89,28,1,0
BRDA:89,28,2,0
BRDA:95,29,0,0
BRDA:95,29,1,0
BRDA:97,30,0,0
BRDA:97,30,1,0
BRDA:102,31,0,0
BRDA:102,31,1,0
BRDA:104,32,0,0
BRDA:104,32,1,0
BRDA:120,33,0,0
BRDA:120,33,1,0
BRDA:122,34,0,0
BRDA:122,34,1,0
BRDA:143,35,0,0
BRDA:143,35,1,0
BRDA:143,36,0,0
BRDA:143,36,1,0
BRDA:144,37,0,0
BRDA:144,37,1,0
BRDA:144,38,0,0
BRDA:144,38,1,0
BRDA:145,39,0,0
BRDA:145,39,1,0
BRDA:145,40,0,0
BRDA:145,40,1,0
BRDA:160,41,0,0
BRDA:160,41,1,0
BRDA:163,42,0,0
BRDA:163,42,1,0
BRDA:172,43,0,0
BRDA:172,43,1,0
BRDA:172,44,0,0
BRDA:172,44,1,0
BRDA:172,44,2,0
BRDA:182,45,0,0
BRDA:182,45,1,0
BRDA:182,46,0,0
BRDA:182,46,1,0
BRDA:182,46,2,0
BRDA:182,46,3,0
BRDA:182,46,4,0
BRDA:204,47,0,0
BRDA:204,47,1,0
BRDA:204,48,0,0
BRDA:204,48,1,0
BRF:106
BRH:0
end_of_record
TN:
SF:server-handlers/create-subscription.ts
FN:24,handler
FN:53,(anonymous_1)
FN:94,(anonymous_2)
FN:119,(anonymous_3)
FNF:4
FNH:0
FNDA:0,handler
FNDA:0,(anonymous_1)
FNDA:0,(anonymous_2)
FNDA:0,(anonymous_3)
DA:14,0
DA:15,0
DA:16,0
DA:17,0
DA:19,0
DA:25,0
DA:26,0
DA:28,0
DA:29,0
DA:30,0
DA:32,0
DA:33,0
DA:34,0
DA:35,0
DA:38,0
DA:39,0
DA:43,0
DA:44,0
DA:46,0
DA:47,0
DA:52,0
DA:53,0
DA:55,0
DA:56,0
DA:61,0
DA:62,0
DA:63,0
DA:67,0
DA:68,0
DA:69,0
DA:70,0
DA:71,0
DA:73,0
DA:75,0
DA:76,0
DA:79,0
DA:80,0
DA:81,0
DA:82,0
DA:84,0
DA:85,0
DA:86,0
DA:87,0
DA:90,0
DA:91,0
DA:93,0
DA:94,0
DA:96,0
DA:107,0
DA:116,0
DA:118,0
DA:119,0
DA:120,0
DA:121,0
DA:124,0
DA:126,0
DA:136,0
DA:137,0
LF:58
LH:0
BRDA:14,0,0,0
BRDA:14,0,1,0
BRDA:15,1,0,0
BRDA:15,1,1,0
BRDA:16,2,0,0
BRDA:16,2,1,0
BRDA:17,3,0,0
BRDA:17,3,1,0
BRDA:26,4,0,0
BRDA:26,4,1,0
BRDA:28,5,0,0
BRDA:28,5,1,0
BRDA:29,6,0,0
BRDA:29,6,1,0
BRDA:30,7,0,0
BRDA:30,7,1,0
BRDA:33,8,0,0
BRDA:33,8,1,0
BRDA:38,9,0,0
BRDA:38,9,1,0
BRDA:38,10,0,0
BRDA:38,10,1,0
BRDA:46,11,0,0
BRDA:46,11,1,0
BRDA:47,12,0,0
BRDA:47,12,1,0
BRDA:47,13,0,0
BRDA:47,13,1,0
BRDA:47,13,2,0
BRDA:63,14,0,0
BRDA:63,14,1,0
BRDA:64,15,0,0
BRDA:64,15,1,0
BRDA:68,16,0,0
BRDA:68,16,1,0
BRDA:75,17,0,0
BRDA:75,17,1,0
BRDA:75,18,0,0
BRDA:75,18,1,0
BRDA:81,19,0,0
BRDA:81,19,1,0
BRDA:81,20,0,0
BRDA:81,20,1,0
BRDA:85,21,0,0
BRDA:85,21,1,0
BRDA:85,22,0,0
BRDA:85,22,1,0
BRDA:91,23,0,0
BRDA:91,23,1,0
BRDA:91,24,0,0
BRDA:91,24,1,0
BRDA:98,25,0,0
BRDA:98,25,1,0
BRDA:102,26,0,0
BRDA:102,26,1,0
BRDA:103,27,0,0
BRDA:103,27,1,0
BRDA:103,28,0,0
BRDA:103,28,1,0
BRDA:118,29,0,0
BRDA:118,29,1,0
BRF:61
BRH:0
end_of_record
TN:
SF:server-handlers/delete-account.ts
FN:17,handler
FN:50,(anonymous_1)
FN:105,(anonymous_2)
FN:204,(anonymous_3)
FN:216,(anonymous_4)
FN:222,(anonymous_5)
FN:222,(anonymous_6)
FN:223,(anonymous_7)
FNF:8
FNH:0
FNDA:0,handler
FNDA:0,(anonymous_1)
FNDA:0,(anonymous_2)
FNDA:0,(anonymous_3)
FNDA:0,(anonymous_4)
FNDA:0,(anonymous_5)
FNDA:0,(anonymous_6)
FNDA:0,(anonymous_7)
DA:12,0
DA:13,0
DA:14,0
DA:15,0
DA:18,0
DA:19,0
DA:21,0
DA:24,0
DA:25,0
DA:26,0
DA:30,0
DA:31,0
DA:34,0
DA:35,0
DA:36,0
DA:40,0
DA:41,0
DA:42,0
DA:45,0
DA:46,0
DA:48,0
DA:49,0
DA:50,0
DA:51,0
DA:55,0
DA:56,0
DA:57,0
DA:58,0
DA:60,0
DA:61,0
DA:63,0
DA:67,0
DA:68,0
DA:70,0
DA:71,0
DA:77,0
DA:80,0
DA:81,0
DA:82,0
DA:87,0
DA:88,0
DA:90,0
DA:91,0
DA:96,0
DA:97,0
DA:98,0
DA:103,0
DA:105,0
DA:106,0
DA:107,0
DA:109,0
DA:112,0
DA:113,0
DA:121,0
DA:129,0
DA:130,0
DA:134,0
DA:135,0
DA:136,0
DA:137,0
DA:138,0
DA:145,0
DA:146,0
DA:147,0
DA:148,0
DA:198,0
DA:203,0
DA:204,0
DA:205,0
DA:212,0
DA:214,0
DA:215,0
DA:216,0
DA:219,0
DA:221,0
DA:222,0
DA:223,0
DA:224,0
DA:225,0
DA:229,0
DA:237,0
DA:238,0
DA:239,0
DA:241,0
DA:244,0
DA:246,0
DA:247,0
LF:87
LH:0
BRDA:12,0,0,0
BRDA:12,0,1,0
BRDA:13,1,0,0
BRDA:13,1,1,0
BRDA:14,2,0,0
BRDA:14,2,1,0
BRDA:15,3,0,0
BRDA:15,3,1,0
BRDA:21,4,0,0
BRDA:21,4,1,0
BRDA:24,5,0,0
BRDA:24,5,1,0
BRDA:25,6,0,0
BRDA:25,6,1,0
BRDA:30,7,0,0
BRDA:30,7,1,0
BRDA:35,8,0,0
BRDA:35,8,1,0
BRDA:35,9,0,0
BRDA:35,9,1,0
BRDA:41,10,0,0
BRDA:41,10,1,0
BRDA:41,11,0,0
BRDA:41,11,1,0
BRDA:56,12,0,0
BRDA:56,12,1,0
BRDA:60,13,0,0
BRDA:60,13,1,0
BRDA:60,14,0,0
BRDA:60,14,1,0
BRDA:67,15,0,0
BRDA:67,15,1,0
BRDA:67,16,0,0
BRDA:67,16,1,0
BRDA:67,16,2,0
BRDA:68,17,0,0
BRDA:68,17,1,0
BRDA:68,18,0,0
BRDA:68,18,1,0
BRDA:68,18,2,0
BRDA:80,19,0,0
BRDA:80,19,1,0
BRDA:87,20,0,0
BRDA:87,20,1,0
BRDA:96,21,0,0
BRDA:96,21,1,0
BRDA:103,22,0,0
BRDA:103,22,1,0
BRDA:106,23,0,0
BRDA:106,23,1,0
BRDA:134,24,0,0
BRDA:134,24,1,0
BRDA:136,25,0,0
BRDA:136,25,1,0
BRDA:145,26,0,0
BRDA:145,26,1,0
BRDA:145,27,0,0
BRDA:145,27,1,0
BRDA:146,28,0,0
BRDA:146,28,1,0
BRDA:216,29,0,0
BRDA:216,29,1,0
BRDA:216,30,0,0
BRDA:216,30,1,0
BRDA:216,30,2,0
BRDA:219,31,0,0
BRDA:219,31,1,0
BRDA:237,32,0,0
BRDA:237,32,1,0
BRF:69
BRH:0
end_of_record
TN:
SF:server-handlers/evaluate-session.ts
FN:24,loadCachedReport
FN:53,saveCachedReport
FN:72,(anonymous_2)
FN:97,loadPriorReports
FN:112,(anonymous_4)
FN:113,(anonymous_5)
FN:115,(anonymous_6)
FN:121,(anonymous_7)
FN:122,(anonymous_8)
FN:124,(anonymous_9)
FN:297,applyBands
FN:327,resolveCompanyProfile
FN:340,computeCoreMetrics
FN:344,(anonymous_13)
FN:345,(anonymous_14)
FN:365,(anonymous_15)
FN:383,computeAdvancedDelivery
FN:384,(anonymous_17)
FN:385,(anonymous_18)
FN:396,(anonymous_19)
FN:415,(anonymous_20)
FN:436,filterGroundedItems
FN:439,(anonymous_22)
FN:440,(anonymous_23)
FN:448,filterGroundedRedFlags
FN:453,(anonymous_25)
FN:454,(anonymous_26)
FN:455,(anonymous_27)
FN:463,validateReport
FN:471,(anonymous_29)
FN:472,(anonymous_30)
FN:486,handler
FN:552,(anonymous_32)
FN:559,(anonymous_33)
FN:562,(anonymous_34)
FN:563,(anonymous_35)
FN:585,(anonymous_36)
FN:617,(anonymous_37)
FN:739,(anonymous_38)
FN:744,(anonymous_39)
FN:750,(anonymous_40)
FN:753,(anonymous_41)
FN:753,(anonymous_42)
FN:760,(anonymous_43)
FN:761,(anonymous_44)
FN:767,(anonymous_45)
FN:780,(anonymous_46)
FN:781,(anonymous_47)
FN:783,(anonymous_48)
FN:786,(anonymous_49)
FN:805,(anonymous_50)
FN:844,(anonymous_51)
FN:850,(anonymous_52)
FN:851,(anonymous_53)
FN:861,(anonymous_54)
FN:865,(anonymous_55)
FN:866,(anonymous_56)
FN:876,(anonymous_57)
FNF:58
FNH:0
FNDA:0,loadCachedReport
FNDA:0,saveCachedReport
FNDA:0,(anonymous_2)
FNDA:0,loadPriorReports
FNDA:0,(anonymous_4)
FNDA:0,(anonymous_5)
FNDA:0,(anonymous_6)
FNDA:0,(anonymous_7)
FNDA:0,(anonymous_8)
FNDA:0,(anonymous_9)
FNDA:0,applyBands
FNDA:0,resolveCompanyProfile
FNDA:0,computeCoreMetrics
FNDA:0,(anonymous_13)
FNDA:0,(anonymous_14)
FNDA:0,(anonymous_15)
FNDA:0,computeAdvancedDelivery
FNDA:0,(anonymous_17)
FNDA:0,(anonymous_18)
FNDA:0,(anonymous_19)
FNDA:0,(anonymous_20)
FNDA:0,filterGroundedItems
FNDA:0,(anonymous_22)
FNDA:0,(anonymous_23)
FNDA:0,filterGroundedRedFlags
FNDA:0,(anonymous_25)
FNDA:0,(anonymous_26)
FNDA:0,(anonymous_27)
FNDA:0,validateReport
FNDA:0,(anonymous_29)
FNDA:0,(anonymous_30)
FNDA:0,handler
FNDA:0,(anonymous_32)
FNDA:0,(anonymous_33)
FNDA:0,(anonymous_34)
FNDA:0,(anonymous_35)
FNDA:0,(anonymous_36)
FNDA:0,(anonymous_37)
FNDA:0,(anonymous_38)
FNDA:0,(anonymous_39)
FNDA:0,(anonymous_40)
FNDA:0,(anonymous_41)
FNDA:0,(anonymous_42)
FNDA:0,(anonymous_43)
FNDA:0,(anonymous_44)
FNDA:0,(anonymous_45)
FNDA:0,(anonymous_46)
FNDA:0,(anonymous_47)
FNDA:0,(anonymous_48)
FNDA:0,(anonymous_49)
FNDA:0,(anonymous_50)
FNDA:0,(anonymous_51)
FNDA:0,(anonymous_52)
FNDA:0,(anonymous_53)
FNDA:0,(anonymous_54)
FNDA:0,(anonymous_55)
FNDA:0,(anonymous_56)
FNDA:0,(anonymous_57)
DA:3,0
DA:9,0
DA:10,0
DA:11,0
DA:12,0
DA:16,0
DA:25,0
DA:26,0
DA:27,0
DA:28,0
DA:35,0
DA:36,0
DA:37,0
DA:38,0
DA:39,0
DA:40,0
DA:42,0
DA:43,0
DA:54,0
DA:55,0
DA:56,0
DA:57,0
DA:71,0
DA:72,0
DA:73,0
DA:76,0
DA:98,0
DA:99,0
DA:100,0
DA:101,0
DA:108,0
DA:109,0
DA:110,0
DA:111,0
DA:112,0
DA:114,0
DA:115,0
DA:116,0
DA:121,0
DA:122,0
DA:124,0
DA:128,0
DA:129,0
DA:286,0
DA:295,0
DA:298,0
DA:299,0
DA:300,0
DA:301,0
DA:302,0
DA:310,0
DA:322,0
DA:328,0
DA:329,0
DA:330,0
DA:331,0
DA:332,0
DA:333,0
DA:334,0
DA:336,0
DA:344,0
DA:345,0
DA:346,0
DA:347,0
DA:348,0
DA:349,0
DA:352,0
DA:353,0
DA:354,0
DA:355,0
DA:356,0
DA:357,0
DA:358,0
DA:361,0
DA:365,0
DA:366,0
DA:367,0
DA:368,0
DA:370,0
DA:384,0
DA:385,0
DA:386,0
DA:387,0
DA:390,0
DA:391,0
DA:396,0
DA:397,0
DA:400,0
DA:401,0
DA:402,0
DA:406,0
DA:407,0
DA:408,0
DA:409,0
DA:410,0
DA:411,0
DA:412,0
DA:415,0
DA:416,0
DA:419,0
DA:420,0
DA:422,0
DA:437,0
DA:438,0
DA:439,0
DA:441,0
DA:442,0
DA:449,0
DA:450,0
DA:451,0
DA:452,0
DA:453,0
DA:454,0
DA:456,0
DA:457,0
DA:464,0
DA:465,0
DA:466,0
DA:467,0
DA:470,0
DA:471,0
DA:472,0
DA:475,0
DA:476,0
DA:477,0
DA:478,0
DA:479,0
DA:483,0
DA:487,0
DA:489,0
DA:490,0
DA:496,0
DA:502,0
DA:503,0
DA:505,0
DA:506,0
DA:507,0
DA:509,0
DA:510,0
DA:512,0
DA:513,0
DA:515,0
DA:516,0
DA:521,0
DA:522,0
DA:523,0
DA:524,0
DA:525,0
DA:526,0
DA:527,0
DA:528,0
DA:529,0
DA:533,0
DA:534,0
DA:535,0
DA:536,0
DA:537,0
DA:540,0
DA:541,0
DA:542,0
DA:543,0
DA:548,0
DA:551,0
DA:552,0
DA:556,0
DA:560,0
DA:562,0
DA:563,0
DA:568,0
DA:585,0
DA:617,0
DA:721,0
DA:722,0
DA:727,0
DA:729,0
DA:730,0
DA:731,0
DA:732,0
DA:737,0
DA:738,0
DA:739,0
DA:744,0
DA:745,0
DA:749,0
DA:750,0
DA:752,0
DA:753,0
DA:756,0
DA:757,0
DA:758,0
DA:760,0
DA:761,0
DA:767,0
DA:771,0
DA:773,0
DA:777,0
DA:778,0
DA:780,0
DA:781,0
DA:783,0
DA:786,0
DA:790,0
DA:806,0
DA:807,0
DA:808,0
DA:809,0
DA:811,0
DA:815,0
DA:817,0
DA:821,0
DA:822,0
DA:824,0
DA:832,0
DA:845,0
DA:846,0
DA:847,0
DA:848,0
DA:849,0
DA:850,0
DA:851,0
DA:862,0
DA:863,0
DA:864,0
DA:865,0
DA:866,0
DA:877,0
DA:878,0
DA:879,0
DA:880,0
DA:881,0
DA:882,0
DA:893,0
DA:894,0
DA:900,0
DA:902,0
DA:903,0
DA:904,0
DA:906,0
DA:908,0
DA:909,0
DA:910,0
DA:911,0
DA:912,0
LF:243
LH:0
BRDA:9,0,0,0
BRDA:9,0,1,0
BRDA:10,1,0,0
BRDA:10,1,1,0
BRDA:11,2,0,0
BRDA:11,2,1,0
BRDA:12,3,0,0
BRDA:12,3,1,0
BRDA:25,4,0,0
BRDA:25,4,1,0
BRDA:25,5,0,0
BRDA:25,5,1,0
BRDA:35,6,0,0
BRDA:35,6,1,0
BRDA:38,7,0,0
BRDA:38,7,1,0
BRDA:39,8,0,0
BRDA:39,8,1,0
BRDA:42,9,0,0
BRDA:42,9,1,0
BRDA:54,10,0,0
BRDA:54,10,1,0
BRDA:54,11,0,0
BRDA:54,11,1,0
BRDA:71,12,0,0
BRDA:71,12,1,0
BRDA:76,13,0,0
BRDA:76,13,1,0
BRDA:98,14,0,0
BRDA:98,14,1,0
BRDA:98,15,0,0
BRDA:98,15,1,0
BRDA:108,16,0,0
BRDA:108,16,1,0
BRDA:112,17,0,0
BRDA:112,17,1,0
BRDA:115,18,0,0
BRDA:115,18,1,0
BRDA:119,19,0,0
BRDA:119,19,1,0
BRDA:120,20,0,0
BRDA:120,20,1,0
BRDA:121,21,0,0
BRDA:121,21,1,0
BRDA:122,22,0,0
BRDA:122,22,1,0
BRDA:123,23,0,0
BRDA:123,23,1,0
BRDA:128,24,0,0
BRDA:128,24,1,0
BRDA:298,25,0,0
BRDA:298,25,1,0
BRDA:299,26,0,0
BRDA:299,26,1,0
BRDA:300,27,0,0
BRDA:300,27,1,0
BRDA:301,28,0,0
BRDA:301,28,1,0
BRDA:328,29,0,0
BRDA:328,29,1,0
BRDA:330,30,0,0
BRDA:330,30,1,0
BRDA:331,31,0,0
BRDA:331,31,1,0
BRDA:332,32,0,0
BRDA:332,32,1,0
BRDA:332,33,0,0
BRDA:332,33,1,0
BRDA:334,34,0,0
BRDA:334,34,1,0
BRDA:348,35,0,0
BRDA:348,35,1,0
BRDA:356,36,0,0
BRDA:356,36,1,0
BRDA:356,37,0,0
BRDA:356,37,1,0
BRDA:358,38,0,0
BRDA:358,38,1,0
BRDA:361,39,0,0
BRDA:361,39,1,0
BRDA:366,40,0,0
BRDA:366,40,1,0
BRDA:367,41,0,0
BRDA:367,41,1,0
BRDA:391,42,0,0
BRDA:391,42,1,0
BRDA:397,43,0,0
BRDA:397,43,1,0
BRDA:400,44,0,0
BRDA:400,44,1,0
BRDA:401,45,0,0
BRDA:401,45,1,0
BRDA:402,46,0,0
BRDA:402,46,1,0
BRDA:410,47,0,0
BRDA:410,47,1,0
BRDA:410,48,0,0
BRDA:410,48,1,0
BRDA:410,48,2,0
BRDA:410,48,3,0
BRDA:412,49,0,0
BRDA:412,49,1,0
BRDA:412,50,0,0
BRDA:412,50,1,0
BRDA:416,51,0,0
BRDA:416,51,1,0
BRDA:420,52,0,0
BRDA:420,52,1,0
BRDA:437,53,0,0
BRDA:437,53,1,0
BRDA:439,54,0,0
BRDA:439,54,1,0
BRDA:439,54,2,0
BRDA:441,55,0,0
BRDA:441,55,1,0
BRDA:441,56,0,0
BRDA:441,56,1,0
BRDA:442,57,0,0
BRDA:442,57,1,0
BRDA:449,58,0,0
BRDA:449,58,1,0
BRDA:453,59,0,0
BRDA:453,59,1,0
BRDA:453,59,2,0
BRDA:454,60,0,0
BRDA:454,60,1,0
BRDA:456,61,0,0
BRDA:456,61,1,0
BRDA:456,62,0,0
BRDA:456,62,1,0
BRDA:457,63,0,0
BRDA:457,63,1,0
BRDA:464,64,0,0
BRDA:464,64,1,0
BRDA:464,65,0,0
BRDA:464,65,1,0
BRDA:466,66,0,0
BRDA:466,66,1,0
BRDA:466,67,0,0
BRDA:466,67,1,0
BRDA:466,67,2,0
BRDA:467,68,0,0
BRDA:467,68,1,0
BRDA:476,69,0,0
BRDA:476,69,1,0
BRDA:476,70,0,0
BRDA:476,70,1,0
BRDA:478,71,0,0
BRDA:478,71,1,0
BRDA:478,72,0,0
BRDA:478,72,1,0
BRDA:479,73,0,0
BRDA:479,73,1,0
BRDA:479,74,0,0
BRDA:479,74,1,0
BRDA:489,75,0,0
BRDA:489,75,1,0
BRDA:489,76,0,0
BRDA:489,76,1,0
BRDA:502,77,0,0
BRDA:502,77,1,0
BRDA:509,78,0,0
BRDA:509,78,1,0
BRDA:509,79,0,0
BRDA:509,79,1,0
BRDA:512,80,0,0
BRDA:512,80,1,0
BRDA:512,81,0,0
BRDA:512,81,1,0
BRDA:515,82,0,0
BRDA:515,82,1,0
BRDA:521,83,0,0
BRDA:521,83,1,0
BRDA:525,84,0,0
BRDA:525,84,1,0
BRDA:533,85,0,0
BRDA:533,85,1,0
BRDA:534,86,0,0
BRDA:534,86,1,0
BRDA:535,87,0,0
BRDA:535,87,1,0
BRDA:541,88,0,0
BRDA:541,88,1,0
BRDA:542,89,0,0
BRDA:542,89,1,0
BRDA:543,90,0,0
BRDA:543,90,1,0
BRDA:548,91,0,0
BRDA:548,91,1,0
BRDA:552,92,0,0
BRDA:552,92,1,0
BRDA:556,93,0,0
BRDA:556,93,1,0
BRDA:562,94,0,0
BRDA:562,94,1,0
BRDA:563,95,0,0
BRDA:563,95,1,0
BRDA:571,96,0,0
BRDA:571,96,1,0
BRDA:573,97,0,0
BRDA:573,97,1,0
BRDA:574,98,0,0
BRDA:574,98,1,0
BRDA:575,99,0,0
BRDA:575,99,1,0
BRDA:730,100,0,0
BRDA:730,100,1,0
BRDA:737,101,0,0
BRDA:737,101,1,0
BRDA:738,102,0,0
BRDA:738,102,1,0
BRDA:742,103,0,0
BRDA:742,103,1,0
BRDA:744,104,0,0
BRDA:744,104,1,0
BRDA:745,105,0,0
BRDA:745,105,1,0
BRDA:749,106,0,0
BRDA:749,106,1,0
BRDA:758,107,0,0
BRDA:758,107,1,0
BRDA:760,108,0,0
BRDA:760,108,1,0
BRDA:760,108,2,0
BRDA:762,109,0,0
BRDA:762,109,1,0
BRDA:763,110,0,0
BRDA:763,110,1,0
BRDA:773,111,0,0
BRDA:773,111,1,0
BRDA:773,112,0,0
BRDA:773,112,1,0
BRDA:778,113,0,0
BRDA:778,113,1,0
BRDA:780,114,0,0
BRDA:780,114,1,0
BRDA:780,114,2,0
BRDA:780,114,3,0
BRDA:780,114,4,0
BRDA:783,115,0,0
BRDA:783,115,1,0
BRDA:795,116,0,0
BRDA:795,116,1,0
BRDA:802,117,0,0
BRDA:802,117,1,0
BRDA:808,118,0,0
BRDA:808,118,1,0
BRDA:811,119,0,0
BRDA:811,119,1,0
BRDA:811,120,0,0
BRDA:811,120,1,0
BRDA:811,120,2,0
BRDA:811,120,3,0
BRDA:817,121,0,0
BRDA:817,121,1,0
BRDA:817,122,0,0
BRDA:817,122,1,0
BRDA:817,122,2,0
BRDA:817,122,3,0
BRDA:817,122,4,0
BRDA:822,123,0,0
BRDA:822,123,1,0
BRDA:824,124,0,0
BRDA:824,124,1,0
BRDA:824,125,0,0
BRDA:824,125,1,0
BRDA:828,126,0,0
BRDA:828,126,1,0
BRDA:829,127,0,0
BRDA:829,127,1,0
BRDA:836,128,0,0
BRDA:836,128,1,0
BRDA:846,129,0,0
BRDA:846,129,1,0
BRDA:847,130,0,0
BRDA:847,130,1,0
BRDA:850,131,0,0
BRDA:850,131,1,0
BRDA:850,131,2,0
BRDA:850,131,3,0
BRDA:854,132,0,0
BRDA:854,132,1,0
BRDA:855,133,0,0
BRDA:855,133,1,0
BRDA:855,134,0,0
BRDA:855,134,1,0
BRDA:863,135,0,0
BRDA:863,135,1,0
BRDA:865,136,0,0
BRDA:865,136,1,0
BRDA:865,136,2,0
BRDA:869,137,0,0
BRDA:869,137,1,0
BRDA:869,138,0,0
BRDA:869,138,1,0
BRDA:869,138,2,0
BRDA:869,138,3,0
BRDA:872,139,0,0
BRDA:872,139,1,0
BRDA:878,140,0,0
BRDA:878,140,1,0
BRDA:878,141,0,0
BRDA:878,141,1,0
BRDA:881,142,0,0
BRDA:881,142,1,0
BRDA:884,143,0,0
BRDA:884,143,1,0
BRDA:885,144,0,0
BRDA:885,144,1,0
BRDA:886,145,0,0
BRDA:886,145,1,0
BRDA:887,146,0,0
BRDA:887,146,1,0
BRDA:893,147,0,0
BRDA:893,147,1,0
BRDA:900,148,0,0
BRDA:900,148,1,0
BRDA:909,149,0,0
BRDA:909,149,1,0
BRDA:909,149,2,0
BRDA:910,150,0,0
BRDA:910,150,1,0
BRDA:911,151,0,0
BRDA:911,151,1,0
BRDA:913,152,0,0
BRDA:913,152,1,0
BRDA:914,153,0,0
BRDA:914,153,1,0
BRF:328
BRH:0
end_of_record
TN:
SF:server-handlers/evaluate.ts
FN:12,handler
FN:46,(anonymous_1)
FN:55,(anonymous_2)
FN:60,(anonymous_3)
FN:69,(anonymous_4)
FN:77,(anonymous_5)
FN:198,(anonymous_6)
FNF:7
FNH:0
FNDA:0,handler
FNDA:0,(anonymous_1)
FNDA:0,(anonymous_2)
FNDA:0,(anonymous_3)
FNDA:0,(anonymous_4)
FNDA:0,(anonymous_5)
FNDA:0,(anonymous_6)
DA:3,0
DA:9,0
DA:10,0
DA:13,0
DA:14,0
DA:21,0
DA:22,0
DA:26,0
DA:31,0
DA:32,0
DA:34,0
DA:35,0
DA:36,0
DA:37,0
DA:41,0
DA:42,0
DA:44,0
DA:45,0
DA:46,0
DA:47,0
DA:50,0
DA:51,0
DA:55,0
DA:56,0
DA:60,0
DA:61,0
DA:62,0
DA:66,0
DA:67,0
DA:68,0
DA:69,0
DA:72,0
DA:73,0
DA:76,0
DA:77,0
DA:80,0
DA:84,0
DA:88,0
DA:91,0
DA:103,0
DA:105,0
DA:107,0
DA:108,0
DA:109,0
DA:110,0
DA:111,0
DA:112,0
DA:115,0
DA:116,0
DA:122,0
DA:124,0
DA:130,0
DA:131,0
DA:137,0
DA:138,0
DA:144,0
DA:145,0
DA:158,0
DA:159,0
DA:172,0
DA:173,0
DA:179,0
DA:180,0
DA:187,0
DA:195,0
DA:198,0
DA:201,0
DA:250,0
DA:251,0
DA:252,0
DA:253,0
DA:257,0
DA:258,0
DA:259,0
DA:261,0
DA:262,0
DA:264,0
DA:265,0
DA:266,0
DA:268,0
DA:270,0
DA:271,0
DA:272,0
LF:83
LH:0
BRDA:9,0,0,0
BRDA:9,0,1,0
BRDA:10,1,0,0
BRDA:10,1,1,0
BRDA:13,2,0,0
BRDA:13,2,1,0
BRDA:13,3,0,0
BRDA:13,3,1,0
BRDA:22,4,0,0
BRDA:22,4,1,0
BRDA:31,5,0,0
BRDA:31,5,1,0
BRDA:34,6,0,0
BRDA:34,6,1,0
BRDA:36,7,0,0
BRDA:36,7,1,0
BRDA:45,8,0,0
BRDA:45,8,1,0
BRDA:45,9,0,0
BRDA:45,9,1,0
BRDA:45,9,2,0
BRDA:45,9,3,0
BRDA:46,10,0,0
BRDA:46,10,1,0
BRDA:46,10,2,0
BRDA:46,10,3,0
BRDA:46,10,4,0
BRDA:50,11,0,0
BRDA:50,11,1,0
BRDA:55,12,0,0
BRDA:55,12,1,0
BRDA:61,13,0,0
BRDA:61,13,1,0
BRDA:66,14,0,0
BRDA:66,14,1,0
BRDA:69,15,0,0
BRDA:69,15,1,0
BRDA:72,16,0,0
BRDA:72,16,1,0
BRDA:73,17,0,0
BRDA:73,17,1,0
BRDA:76,18,0,0
BRDA:76,18,1,0
BRDA:76,19,0,0
BRDA:76,19,1,0
BRDA:80,20,0,0
BRDA:80,20,1,0
BRDA:80,21,0,0
BRDA:80,21,1,0
BRDA:84,22,0,0
BRDA:84,22,1,0
BRDA:84,23,0,0
BRDA:84,23,1,0
BRDA:103,24,0,0
BRDA:103,24,1,0
BRDA:105,25,0,0
BRDA:105,25,1,0
BRDA:115,26,0,0
BRDA:115,26,1,0
BRDA:122,27,0,0
BRDA:122,27,1,0
BRDA:130,28,0,0
BRDA:130,28,1,0
BRDA:137,29,0,0
BRDA:137,29,1,0
BRDA:144,30,0,0
BRDA:144,30,1,0
BRDA:145,31,0,0
BRDA:145,31,1,0
BRDA:158,32,0,0
BRDA:158,32,1,0
BRDA:159,33,0,0
BRDA:159,33,1,0
BRDA:172,34,0,0
BRDA:172,34,1,0
BRDA:179,35,0,0
BRDA:179,35,1,0
BRDA:195,36,0,0
BRDA:195,36,1,0
BRDA:195,37,0,0
BRDA:195,37,1,0
BRDA:195,37,2,0
BRDA:198,38,0,0
BRDA:198,38,1,0
BRDA:198,39,0,0
BRDA:198,39,1,0
BRDA:201,40,0,0
BRDA:201,40,1,0
BRDA:213,41,0,0
BRDA:213,41,1,0
BRDA:213,42,0,0
BRDA:213,42,1,0
BRDA:214,43,0,0
BRDA:214,43,1,0
BRDA:215,44,0,0
BRDA:215,44,1,0
BRDA:216,45,0,0
BRDA:216,45,1,0
BRDA:217,46,0,0
BRDA:217,46,1,0
BRDA:218,47,0,0
BRDA:218,47,1,0
BRDA:252,48,0,0
BRDA:252,48,1,0
BRDA:258,49,0,0
BRDA:258,49,1,0
BRDA:258,50,0,0
BRDA:258,50,1,0
BRDA:258,50,2,0
BRDA:259,51,0,0
BRDA:259,51,1,0
BRDA:261,52,0,0
BRDA:261,52,1,0
BRDA:261,53,0,0
BRDA:261,53,1,0
BRDA:264,54,0,0
BRDA:264,54,1,0
BRDA:265,55,0,0
BRDA:265,55,1,0
BRDA:266,56,0,0
BRDA:266,56,1,0
BRDA:270,57,0,0
BRDA:270,57,1,0
BRDA:270,57,2,0
BRDA:273,58,0,0
BRDA:273,58,1,0
BRDA:274,59,0,0
BRDA:274,59,1,0
BRF:128
BRH:0
end_of_record
TN:
SF:server-handlers/export-user-data.ts
FN:15,handler
FN:44,(anonymous_1)
FN:65,safeFetch
FN:68,(anonymous_3)
FNF:4
FNH:0
FNDA:0,handler
FNDA:0,(anonymous_1)
FNDA:0,safeFetch
FNDA:0,(anonymous_3)
DA:13,0
DA:16,0
DA:17,0
DA:19,0
DA:20,0
DA:21,0
DA:25,0
DA:27,0
DA:28,0
DA:29,0
DA:33,0
DA:34,0
DA:35,0
DA:38,0
DA:39,0
DA:42,0
DA:43,0
DA:44,0
DA:45,0
DA:49,0
DA:50,0
DA:51,0
DA:52,0
DA:53,0
DA:55,0
DA:58,0
DA:62,0
DA:66,0
DA:67,0
DA:68,0
DA:69,0
DA:70,0
DA:71,0
DA:72,0
DA:73,0
DA:76,0
DA:86,0
DA:103,0
DA:104,0
DA:105,0
DA:106,0
LF:41
LH:0
BRDA:13,0,0,0
BRDA:13,0,1,0
BRDA:19,1,0,0
BRDA:19,1,1,0
BRDA:20,2,0,0
BRDA:20,2,1,0
BRDA:20,3,0,0
BRDA:20,3,1,0
BRDA:25,4,0,0
BRDA:25,4,1,0
BRDA:28,5,0,0
BRDA:28,5,1,0
BRDA:28,6,0,0
BRDA:28,6,1,0
BRDA:34,7,0,0
BRDA:34,7,1,0
BRDA:34,8,0,0
BRDA:34,8,1,0
BRDA:50,9,0,0
BRDA:50,9,1,0
BRDA:53,10,0,0
BRDA:53,10,1,0
BRDA:71,11,0,0
BRDA:71,11,1,0
BRDA:94,12,0,0
BRDA:94,12,1,0
BRDA:94,13,0,0
BRDA:94,13,1,0
BRF:28
BRH:0
end_of_record
TN:
SF:server-handlers/follow-up.ts
FN:13,handler
FN:105,(anonymous_1)
FN:95,(anonymous_2)
FN:98,(anonymous_3)
FN:257,(anonymous_4)
FN:534,(anonymous_5)
FNF:6
FNH:0
FNDA:0,handler
FNDA:0,(anonymous_1)
FNDA:0,(anonymous_2)
FNDA:0,(anonymous_3)
FNDA:0,(anonymous_4)
FNDA:0,(anonymous_5)
DA:3,0
DA:10,0
DA:11,0
DA:14,0
DA:15,0
DA:22,0
DA:23,0
DA:27,0
DA:33,0
DA:34,0
DA:36,0
DA:37,0
DA:74,0
DA:75,0
DA:79,0
DA:80,0
DA:81,0
DA:82,0
DA:87,0
DA:88,0
DA:89,0
DA:90,0
DA:91,0
DA:93,0
DA:94,0
DA:95,0
DA:97,0
DA:98,0
DA:101,0
DA:105,0
DA:106,0
DA:107,0
DA:108,0
DA:109,0
DA:110,0
DA:113,0
DA:115,0
DA:116,0
DA:118,0
DA:120,0
DA:122,0
DA:123,0
DA:125,0
DA:127,0
DA:128,0
DA:129,0
DA:130,0
DA:131,0
DA:132,0
DA:134,0
DA:141,0
DA:142,0
DA:147,0
DA:148,0
DA:149,0
DA:150,0
DA:154,0
DA:155,0
DA:158,0
DA:163,0
DA:166,0
DA:236,0
DA:241,0
DA:242,0
DA:243,0
DA:244,0
DA:245,0
DA:246,0
DA:247,0
DA:248,0
DA:249,0
DA:250,0
DA:251,0
DA:252,0
DA:253,0
DA:254,0
DA:256,0
DA:257,0
DA:258,0
DA:259,0
DA:263,0
DA:264,0
DA:267,0
DA:272,0
DA:277,0
DA:280,0
DA:285,0
DA:290,0
DA:299,0
DA:305,0
DA:306,0
DA:307,0
DA:308,0
DA:309,0
DA:310,0
DA:311,0
DA:313,0
DA:318,0
DA:319,0
DA:320,0
DA:321,0
DA:323,0
DA:324,0
DA:327,0
DA:328,0
DA:329,0
DA:330,0
DA:331,0
DA:335,0
DA:336,0
DA:337,0
DA:338,0
DA:340,0
DA:342,0
DA:343,0
DA:344,0
DA:345,0
DA:349,0
DA:350,0
DA:351,0
DA:352,0
DA:353,0
DA:354,0
DA:355,0
DA:356,0
DA:357,0
DA:360,0
DA:361,0
DA:364,0
DA:365,0
DA:366,0
DA:373,0
DA:374,0
DA:382,0
DA:383,0
DA:392,0
DA:393,0
DA:401,0
DA:402,0
DA:409,0
DA:410,0
DA:417,0
DA:418,0
DA:426,0
DA:433,0
DA:437,0
DA:453,0
DA:454,0
DA:477,0
DA:478,0
DA:495,0
DA:509,0
DA:512,0
DA:517,0
DA:534,0
DA:535,0
DA:537,0
DA:538,0
DA:539,0
DA:540,0
DA:541,0
DA:542,0
DA:544,0
DA:546,0
DA:550,0
DA:551,0
DA:553,0
DA:554,0
DA:555,0
DA:557,0
DA:558,0
DA:559,0
DA:560,0
DA:563,0
DA:564,0
DA:567,0
DA:568,0
DA:570,0
DA:571,0
DA:572,0
DA:573,0
DA:575,0
DA:576,0
DA:577,0
DA:581,0
DA:582,0
DA:583,0
DA:585,0
DA:590,0
DA:592,0
DA:593,0
DA:594,0
DA:596,0
DA:597,0
DA:603,0
DA:604,0
DA:607,0
DA:608,0
DA:610,0
DA:611,0
DA:612,0
DA:617,0
DA:618,0
DA:619,0
DA:620,0
DA:622,0
DA:623,0
DA:624,0
DA:625,0
DA:631,0
DA:632,0
DA:634,0
DA:635,0
DA:637,0
DA:638,0
DA:640,0
DA:643,0
DA:644,0
DA:645,0
DA:649,0
DA:653,0
DA:654,0
DA:655,0
DA:657,0
DA:658,0
DA:659,0
DA:660,0
DA:661,0
DA:662,0
DA:664,0
DA:665,0
DA:666,0
DA:668,0
DA:669,0
DA:670,0
DA:672,0
DA:673,0
DA:679,0
DA:681,0
DA:685,0
DA:692,0
DA:695,0
LF:242
LH:0
BRDA:10,0,0,0
BRDA:10,0,1,0
BRDA:11,1,0,0
BRDA:11,1,1,0
BRDA:14,2,0,0
BRDA:14,2,1,0
BRDA:14,3,0,0
BRDA:14,3,1,0
BRDA:23,4,0,0
BRDA:23,4,1,0
BRDA:33,5,0,0
BRDA:33,5,1,0
BRDA:106,6,0,0
BRDA:106,6,1,0
BRDA:107,7,0,0
BRDA:107,7,1,0
BRDA:108,8,0,0
BRDA:108,8,1,0
BRDA:113,9,0,0
BRDA:113,9,1,0
BRDA:113,10,0,0
BRDA:113,10,1,0
BRDA:116,11,0,0
BRDA:116,11,1,0
BRDA:118,12,0,0
BRDA:118,12,1,0
BRDA:118,13,0,0
BRDA:118,13,1,0
BRDA:120,14,0,0
BRDA:120,14,1,0
BRDA:120,15,0,0
BRDA:120,15,1,0
BRDA:122,16,0,0
BRDA:122,16,1,0
BRDA:123,17,0,0
BRDA:123,17,1,0
BRDA:125,18,0,0
BRDA:125,18,1,0
BRDA:125,19,0,0
BRDA:125,19,1,0
BRDA:125,19,2,0
BRDA:127,20,0,0
BRDA:127,20,1,0
BRDA:128,21,0,0
BRDA:128,21,1,0
BRDA:129,22,0,0
BRDA:129,22,1,0
BRDA:130,23,0,0
BRDA:130,23,1,0
BRDA:131,24,0,0
BRDA:131,24,1,0
BRDA:37,25,0,0
BRDA:74,26,0,0
BRDA:74,26,1,0
BRDA:74,27,0,0
BRDA:74,27,1,0
BRDA:74,27,2,0
BRDA:74,27,3,0
BRDA:79,28,0,0
BRDA:79,28,1,0
BRDA:81,29,0,0
BRDA:81,29,1,0
BRDA:90,30,0,0
BRDA:90,30,1,0
BRDA:93,31,0,0
BRDA:93,31,1,0
BRDA:94,32,0,0
BRDA:94,32,1,0
BRDA:94,33,0,0
BRDA:94,33,1,0
BRDA:97,34,0,0
BRDA:97,34,1,0
BRDA:97,35,0,0
BRDA:97,35,1,0
BRDA:134,36,0,0
BRDA:134,36,1,0
BRDA:142,37,0,0
BRDA:142,37,1,0
BRDA:143,38,0,0
BRDA:143,38,1,0
BRDA:144,39,0,0
BRDA:144,39,1,0
BRDA:144,40,0,0
BRDA:144,40,1,0
BRDA:150,41,0,0
BRDA:150,41,1,0
BRDA:150,42,0,0
BRDA:150,42,1,0
BRDA:150,43,0,0
BRDA:150,43,1,0
BRDA:154,44,0,0
BRDA:154,44,1,0
BRDA:155,45,0,0
BRDA:155,45,1,0
BRDA:158,46,0,0
BRDA:158,46,1,0
BRDA:163,47,0,0
BRDA:163,47,1,0
BRDA:199,48,0,0
BRDA:199,48,1,0
BRDA:208,49,0,0
BRDA:208,49,1,0
BRDA:236,50,0,0
BRDA:236,50,1,0
BRDA:242,51,0,0
BRDA:242,51,1,0
BRDA:243,52,0,0
BRDA:243,52,1,0
BRDA:244,53,0,0
BRDA:244,53,1,0
BRDA:245,54,0,0
BRDA:245,54,1,0
BRDA:246,55,0,0
BRDA:246,55,1,0
BRDA:247,56,0,0
BRDA:247,56,1,0
BRDA:248,57,0,0
BRDA:248,57,1,0
BRDA:249,58,0,0
BRDA:249,58,1,0
BRDA:250,59,0,0
BRDA:250,59,1,0
BRDA:251,60,0,0
BRDA:251,60,1,0
BRDA:252,61,0,0
BRDA:252,61,1,0
BRDA:253,62,0,0
BRDA:253,62,1,0
BRDA:253,63,0,0
BRDA:253,63,1,0
BRDA:258,64,0,0
BRDA:258,64,1,0
BRDA:258,65,0,0
BRDA:258,65,1,0
BRDA:263,66,0,0
BRDA:263,66,1,0
BRDA:267,67,0,0
BRDA:267,67,1,0
BRDA:272,68,0,0
BRDA:272,68,1,0
BRDA:277,69,0,0
BRDA:277,69,1,0
BRDA:280,70,0,0
BRDA:280,70,1,0
BRDA:285,71,0,0
BRDA:285,71,1,0
BRDA:290,72,0,0
BRDA:290,72,1,0
BRDA:292,73,0,0
BRDA:292,73,1,0
BRDA:294,74,0,0
BRDA:294,74,1,0
BRDA:299,75,0,0
BRDA:299,75,1,0
BRDA:299,76,0,0
BRDA:299,76,1,0
BRDA:313,77,0,0
BRDA:313,77,1,0
BRDA:313,77,2,0
BRDA:321,78,0,0
BRDA:321,78,1,0
BRDA:323,79,0,0
BRDA:323,79,1,0
BRDA:327,80,0,0
BRDA:327,80,1,0
BRDA:327,80,2,0
BRDA:328,81,0,0
BRDA:328,81,1,0
BRDA:328,81,2,0
BRDA:329,82,0,0
BRDA:329,82,1,0
BRDA:331,83,0,0
BRDA:331,83,1,0
BRDA:342,84,0,0
BRDA:342,84,1,0
BRDA:344,85,0,0
BRDA:344,85,1,0
BRDA:344,86,0,0
BRDA:344,86,1,0
BRDA:344,86,2,0
BRDA:352,87,0,0
BRDA:352,87,1,0
BRDA:352,88,0,0
BRDA:352,88,1,0
BRDA:354,89,0,0
BRDA:354,89,1,0
BRDA:354,90,0,0
BRDA:354,90,1,0
BRDA:354,90,2,0
BRDA:354,90,3,0
BRDA:356,91,0,0
BRDA:356,91,1,0
BRDA:360,92,0,0
BRDA:360,92,1,0
BRDA:365,93,0,0
BRDA:365,93,1,0
BRDA:365,94,0,0
BRDA:365,94,1,0
BRDA:373,95,0,0
BRDA:373,95,1,0
BRDA:382,96,0,0
BRDA:382,96,1,0
BRDA:392,97,0,0
BRDA:392,97,1,0
BRDA:401,98,0,0
BRDA:401,98,1,0
BRDA:409,99,0,0
BRDA:409,99,1,0
BRDA:417,100,0,0
BRDA:417,100,1,0
BRDA:427,101,0,0
BRDA:427,101,1,0
BRDA:433,102,0,0
BRDA:433,102,1,0
BRDA:442,103,0,0
BRDA:442,103,1,0
BRDA:453,104,0,0
BRDA:453,104,1,0
BRDA:455,105,0,0
BRDA:455,105,1,0
BRDA:456,106,0,0
BRDA:456,106,1,0
BRDA:457,107,0,0
BRDA:457,107,1,0
BRDA:458,108,0,0
BRDA:458,108,1,0
BRDA:459,109,0,0
BRDA:459,109,1,0
BRDA:462,110,0,0
BRDA:462,110,1,0
BRDA:467,111,0,0
BRDA:467,111,1,0
BRDA:477,112,0,0
BRDA:477,112,1,0
BRDA:482,113,0,0
BRDA:482,113,1,0
BRDA:502,114,0,0
BRDA:502,114,1,0
BRDA:509,115,0,0
BRDA:509,115,1,0
BRDA:512,116,0,0
BRDA:512,116,1,0
BRDA:512,117,0,0
BRDA:512,117,1,0
BRDA:517,118,0,0
BRDA:517,118,1,0
BRDA:519,119,0,0
BRDA:519,119,1,0
BRDA:520,120,0,0
BRDA:520,120,1,0
BRDA:520,121,0,0
BRDA:520,121,1,0
BRDA:520,122,0,0
BRDA:520,122,1,0
BRDA:537,123,0,0
BRDA:537,123,1,0
BRDA:539,124,0,0
BRDA:539,124,1,0
BRDA:539,125,0,0
BRDA:539,125,1,0
BRDA:541,126,0,0
BRDA:541,126,1,0
BRDA:554,127,0,0
BRDA:554,127,1,0
BRDA:558,128,0,0
BRDA:558,128,1,0
BRDA:558,129,0,0
BRDA:558,129,1,0
BRDA:559,130,0,0
BRDA:559,130,1,0
BRDA:563,131,0,0
BRDA:563,131,1,0
BRDA:564,132,0,0
BRDA:564,132,1,0
BRDA:567,133,0,0
BRDA:567,133,1,0
BRDA:567,134,0,0
BRDA:567,134,1,0
BRDA:567,134,2,0
BRDA:576,135,0,0
BRDA:576,135,1,0
BRDA:577,136,0,0
BRDA:577,136,1,0
BRDA:583,137,0,0
BRDA:583,137,1,0
BRDA:590,138,0,0
BRDA:590,138,1,0
BRDA:590,139,0,0
BRDA:590,139,1,0
BRDA:594,140,0,0
BRDA:594,140,1,0
BRDA:603,141,0,0
BRDA:603,141,1,0
BRDA:603,142,0,0
BRDA:603,142,1,0
BRDA:617,143,0,0
BRDA:617,143,1,0
BRDA:623,144,0,0
BRDA:623,144,1,0
BRDA:623,145,0,0
BRDA:623,145,1,0
BRDA:623,145,2,0
BRDA:631,146,0,0
BRDA:631,146,1,0
BRDA:631,147,0,0
BRDA:631,147,1,0
BRDA:638,148,0,0
BRDA:638,148,1,0
BRDA:638,149,0,0
BRDA:638,149,1,0
BRDA:643,150,0,0
BRDA:643,150,1,0
BRDA:653,151,0,0
BRDA:653,151,1,0
BRDA:653,152,0,0
BRDA:653,152,1,0
BRDA:660,153,0,0
BRDA:660,153,1,0
BRDA:661,154,0,0
BRDA:661,154,1,0
BRDA:662,155,0,0
BRDA:662,155,1,0
BRDA:662,156,0,0
BRDA:662,156,1,0
BRDA:666,157,0,0
BRDA:666,157,1,0
BRDA:666,158,0,0
BRDA:666,158,1,0
BRDA:670,159,0,0
BRDA:670,159,1,0
BRDA:679,160,0,0
BRDA:679,160,1,0
BRDA:679,160,2,0
BRDA:680,161,0,0
BRDA:680,161,1,0
BRDA:681,162,0,0
BRDA:681,162,1,0
BRDA:682,163,0,0
BRDA:682,163,1,0
BRDA:683,164,0,0
BRDA:683,164,1,0
BRDA:687,165,0,0
BRDA:687,165,1,0
BRDA:689,166,0,0
BRDA:689,166,1,0
BRDA:689,167,0,0
BRDA:689,167,1,0
BRF:347
BRH:0
end_of_record
TN:
SF:server-handlers/generate-insights.ts
FN:12,handler
FN:59,(anonymous_1)
FN:72,(anonymous_2)
FN:100,(anonymous_3)
FN:102,(anonymous_4)
FNF:5
FNH:0
FNDA:0,handler
FNDA:0,(anonymous_1)
FNDA:0,(anonymous_2)
FNDA:0,(anonymous_3)
FNDA:0,(anonymous_4)
DA:3,0
DA:13,0
DA:14,0
DA:16,0
DA:18,0
DA:19,0
DA:22,0
DA:23,0
DA:26,0
DA:27,0
DA:28,0
DA:32,0
DA:33,0
DA:34,0
DA:38,0
DA:39,0
DA:40,0
DA:45,0
DA:47,0
DA:48,0
DA:50,0
DA:52,0
DA:54,0
DA:55,0
DA:58,0
DA:59,0
DA:65,0
DA:72,0
DA:89,0
DA:90,0
DA:92,0
DA:93,0
DA:94,0
DA:98,0
DA:99,0
DA:100,0
DA:102,0
DA:104,0
DA:106,0
DA:107,0
LF:40
LH:0
BRDA:14,0,0,0
BRDA:14,0,1,0
BRDA:18,1,0,0
BRDA:18,1,1,0
BRDA:22,2,0,0
BRDA:22,2,1,0
BRDA:27,3,0,0
BRDA:27,3,1,0
BRDA:27,4,0,0
BRDA:27,4,1,0
BRDA:33,5,0,0
BRDA:33,5,1,0
BRDA:39,6,0,0
BRDA:39,6,1,0
BRDA:54,7,0,0
BRDA:54,7,1,0
BRDA:54,8,0,0
BRDA:54,8,1,0
BRDA:54,8,2,0
BRDA:58,9,0,0
BRDA:58,9,1,0
BRDA:68,10,0,0
BRDA:68,10,1,0
BRDA:69,11,0,0
BRDA:69,11,1,0
BRDA:70,12,0,0
BRDA:70,12,1,0
BRDA:71,13,0,0
BRDA:71,13,1,0
BRDA:92,14,0,0
BRDA:92,14,1,0
BRDA:100,15,0,0
BRDA:100,15,1,0
BRDA:100,15,2,0
BRDA:100,16,0,0
BRDA:100,16,1,0
BRF:36
BRH:0
end_of_record
TN:
SF:server-handlers/generate-questions.ts
FN:19,getRoleCompetencies
FN:26,getCompanyGuidance
FN:33,handler
FN:76,(anonymous_3)
FN:77,(anonymous_4)
FN:80,(anonymous_5)
FN:83,(anonymous_6)
FN:86,(anonymous_7)
FN:89,(anonymous_8)
FN:321,(anonymous_9)
FNF:10
FNH:0
FNDA:0,getRoleCompetencies
FNDA:0,getCompanyGuidance
FNDA:0,handler
FNDA:0,(anonymous_3)
FNDA:0,(anonymous_4)
FNDA:0,(anonymous_5)
FNDA:0,(anonymous_6)
FNDA:0,(anonymous_7)
FNDA:0,(anonymous_8)
FNDA:0,(anonymous_9)
DA:3,0
DA:13,0
DA:14,0
DA:20,0
DA:21,0
DA:22,0
DA:23,0
DA:27,0
DA:28,0
DA:29,0
DA:30,0
DA:34,0
DA:35,0
DA:41,0
DA:46,0
DA:47,0
DA:50,0
DA:51,0
DA:52,0
DA:53,0
DA:57,0
DA:58,0
DA:59,0
DA:61,0
DA:62,0
DA:63,0
DA:64,0
DA:66,0
DA:67,0
DA:68,0
DA:69,0
DA:71,0
DA:74,0
DA:75,0
DA:76,0
DA:77,0
DA:78,0
DA:80,0
DA:81,0
DA:82,0
DA:83,0
DA:85,0
DA:86,0
DA:88,0
DA:89,0
DA:91,0
DA:94,0
DA:100,0
DA:101,0
DA:102,0
DA:105,0
DA:110,0
DA:112,0
DA:136,0
DA:140,0
DA:141,0
DA:142,0
DA:143,0
DA:144,0
DA:145,0
DA:147,0
DA:148,0
DA:150,0
DA:151,0
DA:152,0
DA:155,0
DA:158,0
DA:204,0
DA:206,0
DA:215,0
DA:216,0
DA:218,0
DA:219,0
DA:221,0
DA:286,0
DA:287,0
DA:288,0
DA:289,0
DA:292,0
DA:294,0
DA:295,0
DA:299,0
DA:300,0
DA:304,0
DA:305,0
DA:306,0
DA:307,0
DA:312,0
DA:313,0
DA:314,0
DA:315,0
DA:316,0
DA:317,0
DA:319,0
DA:320,0
DA:321,0
DA:322,0
DA:325,0
DA:326,0
DA:328,0
DA:329,0
DA:335,0
DA:336,0
DA:337,0
DA:348,0
DA:350,0
DA:351,0
DA:352,0
DA:353,0
LF:109
LH:0
BRDA:13,0,0,0
BRDA:13,0,1,0
BRDA:14,1,0,0
BRDA:14,1,1,0
BRDA:21,2,0,0
BRDA:21,2,1,0
BRDA:23,3,0,0
BRDA:23,3,1,0
BRDA:28,4,0,0
BRDA:28,4,1,0
BRDA:30,5,0,0
BRDA:30,5,1,0
BRDA:34,6,0,0
BRDA:34,6,1,0
BRDA:34,7,0,0
BRDA:34,7,1,0
BRDA:46,8,0,0
BRDA:46,8,1,0
BRDA:50,9,0,0
BRDA:50,9,1,0
BRDA:52,10,0,0
BRDA:52,10,1,0
BRDA:61,11,0,0
BRDA:61,11,1,0
BRDA:62,12,0,0
BRDA:62,12,1,0
BRDA:63,13,0,0
BRDA:63,13,1,0
BRDA:64,14,0,0
BRDA:64,14,1,0
BRDA:68,15,0,0
BRDA:68,15,1,0
BRDA:69,16,0,0
BRDA:69,16,1,0
BRDA:71,17,0,0
BRDA:71,17,1,0
BRDA:71,18,0,0
BRDA:71,18,1,0
BRDA:74,19,0,0
BRDA:74,19,1,0
BRDA:75,20,0,0
BRDA:75,20,1,0
BRDA:76,21,0,0
BRDA:76,21,1,0
BRDA:77,22,0,0
BRDA:77,22,1,0
BRDA:77,23,0,0
BRDA:77,23,1,0
BRDA:82,24,0,0
BRDA:82,24,1,0
BRDA:82,25,0,0
BRDA:82,25,1,0
BRDA:85,26,0,0
BRDA:85,26,1,0
BRDA:85,27,0,0
BRDA:85,27,1,0
BRDA:88,28,0,0
BRDA:88,28,1,0
BRDA:88,29,0,0
BRDA:88,29,1,0
BRDA:91,30,0,0
BRDA:91,30,1,0
BRDA:94,31,0,0
BRDA:94,31,1,0
BRDA:96,32,0,0
BRDA:96,32,1,0
BRDA:105,33,0,0
BRDA:105,33,1,0
BRDA:112,34,0,0
BRDA:112,34,1,0
BRDA:114,35,0,0
BRDA:114,35,1,0
BRDA:114,36,0,0
BRDA:114,36,1,0
BRDA:119,37,0,0
BRDA:119,37,1,0
BRDA:124,38,0,0
BRDA:124,38,1,0
BRDA:124,39,0,0
BRDA:124,39,1,0
BRDA:129,40,0,0
BRDA:129,40,1,0
BRDA:142,41,0,0
BRDA:142,41,1,0
BRDA:147,42,0,0
BRDA:147,42,1,0
BRDA:147,43,0,0
BRDA:147,43,1,0
BRDA:147,43,2,0
BRDA:150,44,0,0
BRDA:150,44,1,0
BRDA:151,45,0,0
BRDA:151,45,1,0
BRDA:151,46,0,0
BRDA:151,46,1,0
BRDA:204,47,0,0
BRDA:204,47,1,0
BRDA:206,48,0,0
BRDA:206,48,1,0
BRDA:215,49,0,0
BRDA:215,49,1,0
BRDA:215,50,0,0
BRDA:215,50,1,0
BRDA:218,51,0,0
BRDA:218,51,1,0
BRDA:219,52,0,0
BRDA:219,52,1,0
BRDA:222,53,0,0
BRDA:222,53,1,0
BRDA:222,54,0,0
BRDA:222,54,1,0
BRDA:222,55,0,0
BRDA:222,55,1,0
BRDA:224,56,0,0
BRDA:224,56,1,0
BRDA:224,57,0,0
BRDA:224,57,1,0
BRDA:224,58,0,0
BRDA:224,58,1,0
BRDA:224,59,0,0
BRDA:224,59,1,0
BRDA:224,60,0,0
BRDA:224,60,1,0
BRDA:224,61,0,0
BRDA:224,61,1,0
BRDA:224,62,0,0
BRDA:224,62,1,0
BRDA:224,63,0,0
BRDA:224,63,1,0
BRDA:224,64,0,0
BRDA:224,64,1,0
BRDA:224,65,0,0
BRDA:224,65,1,0
BRDA:227,66,0,0
BRDA:227,66,1,0
BRDA:229,67,0,0
BRDA:229,67,1,0
BRDA:238,68,0,0
BRDA:238,68,1,0
BRDA:238,69,0,0
BRDA:238,69,1,0
BRDA:242,70,0,0
BRDA:242,70,1,0
BRDA:242,71,0,0
BRDA:242,71,1,0
BRDA:245,72,0,0
BRDA:245,72,1,0
BRDA:246,73,0,0
BRDA:246,73,1,0
BRDA:288,74,0,0
BRDA:288,74,1,0
BRDA:292,75,0,0
BRDA:292,75,1,0
BRDA:292,76,0,0
BRDA:292,76,1,0
BRDA:292,76,2,0
BRDA:292,76,3,0
BRDA:294,77,0,0
BRDA:294,77,1,0
BRDA:294,78,0,0
BRDA:294,78,1,0
BRDA:299,79,0,0
BRDA:299,79,1,0
BRDA:299,80,0,0
BRDA:299,80,1,0
BRDA:306,81,0,0
BRDA:306,81,1,0
BRDA:306,82,0,0
BRDA:306,82,1,0
BRDA:306,82,2,0
BRDA:312,83,0,0
BRDA:312,83,1,0
BRDA:319,84,0,0
BRDA:319,84,1,0
BRDA:322,85,0,0
BRDA:322,85,1,0
BRDA:325,86,0,0
BRDA:325,86,1,0
BRDA:325,87,0,0
BRDA:325,87,1,0
BRDA:336,88,0,0
BRDA:336,88,1,0
BRDA:350,89,0,0
BRDA:350,89,1,0
BRDA:350,89,2,0
BRDA:351,90,0,0
BRDA:351,90,1,0
BRDA:354,91,0,0
BRDA:354,91,1,0
BRDA:355,92,0,0
BRDA:355,92,1,0
BRF:191
BRH:0
end_of_record
TN:
SF:server-handlers/health.ts
FN:8,checkSupabase
FN:25,checkUpstash
FN:31,handler
FN:55,(anonymous_3)
FNF:4
FNH:0
FNDA:0,checkSupabase
FNDA:0,checkUpstash
FNDA:0,handler
FNDA:0,(anonymous_3)
DA:4,0
DA:9,0
DA:10,0
DA:11,0
DA:12,0
DA:14,0
DA:19,0
DA:21,0
DA:26,0
DA:27,0
DA:28,0
DA:32,0
DA:33,0
DA:40,0
DA:43,0
DA:45,0
DA:55,0
DA:58,0
DA:60,0
LF:19
LH:0
BRDA:11,0,0,0
BRDA:11,0,1,0
BRDA:11,1,0,0
BRDA:11,1,1,0
BRDA:19,2,0,0
BRDA:19,2,1,0
BRDA:28,3,0,0
BRDA:28,3,1,0
BRDA:28,4,0,0
BRDA:28,4,1,0
BRDA:32,5,0,0
BRDA:32,5,1,0
BRDA:48,6,0,0
BRDA:48,6,1,0
BRDA:48,7,0,0
BRDA:48,7,1,0
BRDA:49,8,0,0
BRDA:49,8,1,0
BRDA:50,9,0,0
BRDA:50,9,1,0
BRDA:51,10,0,0
BRDA:51,10,1,0
BRDA:52,11,0,0
BRDA:52,11,1,0
BRDA:61,12,0,0
BRDA:61,12,1,0
BRDA:64,13,0,0
BRDA:64,13,1,0
BRF:28
BRH:0
end_of_record
TN:
SF:server-handlers/log-error.ts
FN:8,checkRate
FN:10,(anonymous_1)
FN:17,getClientIp
FN:23,handler
FNF:4
FNH:0
FNDA:0,checkRate
FNDA:0,(anonymous_1)
FNDA:0,getClientIp
FNDA:0,handler
DA:5,0
DA:7,0
DA:9,0
DA:10,0
DA:11,0
DA:12,0
DA:13,0
DA:14,0
DA:18,0
DA:24,0
DA:25,0
DA:28,0
DA:29,0
DA:30,0
DA:34,0
DA:35,0
DA:36,0
DA:39,0
DA:40,0
DA:43,0
DA:44,0
DA:48,0
DA:58,0
DA:60,0
LF:24
LH:0
BRDA:10,0,0,0
BRDA:10,0,1,0
BRDA:11,1,0,0
BRDA:11,1,1,0
BRDA:18,2,0,0
BRDA:18,2,1,0
BRDA:18,2,2,0
BRDA:24,3,0,0
BRDA:24,3,1,0
BRDA:29,4,0,0
BRDA:29,4,1,0
BRDA:34,5,0,0
BRDA:34,5,1,0
BRDA:35,6,0,0
BRDA:35,6,1,0
BRDA:43,7,0,0
BRDA:43,7,1,0
BRDA:43,8,0,0
BRDA:43,8,1,0
BRF:19
BRH:0
end_of_record
TN:
SF:server-handlers/pause-subscription.ts
FN:19,handler
FN:85,(anonymous_1)
FN:95,(anonymous_2)
FNF:3
FNH:0
FNDA:0,handler
FNDA:0,(anonymous_1)
FNDA:0,(anonymous_2)
DA:12,0
DA:13,0
DA:14,0
DA:15,0
DA:16,0
DA:17,0
DA:20,0
DA:21,0
DA:23,0
DA:24,0
DA:25,0
DA:27,0
DA:28,0
DA:29,0
DA:32,0
DA:33,0
DA:34,0
DA:37,0
DA:38,0
DA:40,0
DA:41,0
DA:44,0
DA:45,0
DA:46,0
DA:48,0
DA:51,0
DA:52,0
DA:53,0
DA:56,0
DA:57,0
DA:59,0
DA:63,0
DA:64,0
DA:66,0
DA:67,0
DA:70,0
DA:71,0
DA:74,0
DA:77,0
DA:78,0
DA:79,0
DA:83,0
DA:84,0
DA:85,0
DA:86,0
DA:92,0
DA:94,0
DA:95,0
DA:96,0
DA:97,0
DA:100,0
DA:101,0
DA:106,0
DA:115,0
DA:116,0
DA:120,0
DA:121,0
DA:122,0
DA:125,0
DA:128,0
DA:129,0
DA:135,0
DA:139,0
DA:141,0
DA:142,0
LF:65
LH:0
BRDA:12,0,0,0
BRDA:12,0,1,0
BRDA:13,1,0,0
BRDA:13,1,1,0
BRDA:14,2,0,0
BRDA:14,2,1,0
BRDA:15,3,0,0
BRDA:15,3,1,0
BRDA:16,4,0,0
BRDA:16,4,1,0
BRDA:17,5,0,0
BRDA:17,5,1,0
BRDA:21,6,0,0
BRDA:21,6,1,0
BRDA:23,7,0,0
BRDA:23,7,1,0
BRDA:24,8,0,0
BRDA:24,8,1,0
BRDA:25,9,0,0
BRDA:25,9,1,0
BRDA:28,10,0,0
BRDA:28,10,1,0
BRDA:28,11,0,0
BRDA:28,11,1,0
BRDA:33,12,0,0
BRDA:33,12,1,0
BRDA:33,13,0,0
BRDA:33,13,1,0
BRDA:44,14,0,0
BRDA:44,14,1,0
BRDA:51,15,0,0
BRDA:51,15,1,0
BRDA:52,16,0,0
BRDA:52,16,1,0
BRDA:52,17,0,0
BRDA:52,17,1,0
BRDA:64,18,0,0
BRDA:64,18,1,0
BRDA:66,19,0,0
BRDA:66,19,1,0
BRDA:66,20,0,0
BRDA:66,20,1,0
BRDA:70,21,0,0
BRDA:70,21,1,0
BRDA:70,22,0,0
BRDA:70,22,1,0
BRDA:77,23,0,0
BRDA:77,23,1,0
BRDA:77,24,0,0
BRDA:77,24,1,0
BRDA:77,24,2,0
BRDA:79,25,0,0
BRDA:79,25,1,0
BRDA:89,26,0,0
BRDA:89,26,1,0
BRDA:94,27,0,0
BRDA:94,27,1,0
BRDA:115,28,0,0
BRDA:115,28,1,0
BRDA:120,29,0,0
BRDA:120,29,1,0
BRDA:120,30,0,0
BRDA:120,30,1,0
BRDA:121,31,0,0
BRDA:121,31,1,0
BRDA:122,32,0,0
BRDA:122,32,1,0
BRDA:125,33,0,0
BRDA:125,33,1,0
BRF:69
BRH:0
end_of_record
TN:
SF:server-handlers/public-profile.ts
FN:11,checkRate
FN:13,(anonymous_1)
FN:22,handler
FN:77,(anonymous_3)
FN:92,(anonymous_4)
FN:93,(anonymous_5)
FNF:6
FNH:0
FNDA:0,checkRate
FNDA:0,(anonymous_1)
FNDA:0,handler
FNDA:0,(anonymous_3)
FNDA:0,(anonymous_4)
FNDA:0,(anonymous_5)
DA:4,0
DA:10,0
DA:12,0
DA:13,0
DA:14,0
DA:15,0
DA:16,0
DA:17,0
DA:19,0
DA:20,0
DA:23,0
DA:24,0
DA:26,0
DA:27,0
DA:30,0
DA:32,0
DA:33,0
DA:34,0
DA:37,0
DA:38,0
DA:40,0
DA:41,0
DA:44,0
DA:49,0
DA:52,0
DA:56,0
DA:57,0
DA:58,0
DA:61,0
DA:64,0
DA:65,0
DA:69,0
DA:73,0
DA:74,0
DA:76,0
DA:77,0
DA:80,0
DA:81,0
DA:82,0
DA:83,0
DA:84,0
DA:85,0
DA:86,0
DA:87,0
DA:91,0
DA:92,0
DA:93,0
DA:97,0
DA:98,0
DA:99,0
DA:100,0
DA:103,0
DA:120,0
DA:121,0
LF:54
LH:0
BRDA:13,0,0,0
BRDA:13,0,1,0
BRDA:14,1,0,0
BRDA:14,1,1,0
BRDA:19,2,0,0
BRDA:19,2,1,0
BRDA:20,3,0,0
BRDA:20,3,1,0
BRDA:23,4,0,0
BRDA:23,4,1,0
BRDA:26,5,0,0
BRDA:26,5,1,0
BRDA:33,6,0,0
BRDA:33,6,1,0
BRDA:40,7,0,0
BRDA:40,7,1,0
BRDA:57,8,0,0
BRDA:57,8,1,0
BRDA:57,9,0,0
BRDA:57,9,1,0
BRDA:64,10,0,0
BRDA:64,10,1,0
BRDA:74,11,0,0
BRDA:74,11,1,0
BRDA:77,12,0,0
BRDA:77,12,1,0
BRDA:77,13,0,0
BRDA:77,13,1,0
BRDA:82,14,0,0
BRDA:82,14,1,0
BRDA:82,15,0,0
BRDA:82,15,1,0
BRDA:84,16,0,0
BRDA:84,16,1,0
BRDA:84,17,0,0
BRDA:84,17,1,0
BRDA:84,18,0,0
BRDA:84,18,1,0
BRDA:84,18,2,0
BRDA:85,19,0,0
BRDA:85,19,1,0
BRDA:99,20,0,0
BRDA:99,20,1,0
BRDA:100,21,0,0
BRDA:100,21,1,0
BRDA:104,22,0,0
BRDA:104,22,1,0
BRDA:105,23,0,0
BRDA:105,23,1,0
BRDA:106,24,0,0
BRDA:106,24,1,0
BRF:51
BRH:0
end_of_record
TN:
SF:server-handlers/razorpay-webhook.ts
FN:28,markProcessedInMemory
FN:36,checkDedup
FN:56,getRawBody
FN:57,(anonymous_3)
FN:59,(anonymous_4)
FN:60,(anonymous_5)
FN:65,handler
FN:67,(anonymous_7)
FN:275,(anonymous_8)
FN:553,(anonymous_9)
FNF:10
FNH:0
FNDA:0,markProcessedInMemory
FNDA:0,checkDedup
FNDA:0,getRawBody
FNDA:0,(anonymous_3)
FNDA:0,(anonymous_4)
FNDA:0,(anonymous_5)
FNDA:0,handler
FNDA:0,(anonymous_7)
FNDA:0,(anonymous_8)
FNDA:0,(anonymous_9)
DA:7,0
DA:11,0
DA:12,0
DA:13,0
DA:14,0
DA:15,0
DA:16,0
DA:18,0
DA:19,0
DA:20,0
DA:22,0
DA:23,0
DA:26,0
DA:27,0
DA:29,0
DA:30,0
DA:31,0
DA:32,0
DA:37,0
DA:38,0
DA:39,0
DA:43,0
DA:44,0
DA:46,0
DA:48,0
DA:49,0
DA:54,0
DA:57,0
DA:58,0
DA:59,0
DA:60,0
DA:61,0
DA:67,0
DA:68,0
DA:69,0
DA:70,0
DA:74,0
DA:76,0
DA:77,0
DA:78,0
DA:82,0
DA:83,0
DA:84,0
DA:85,0
DA:89,0
DA:91,0
DA:96,0
DA:97,0
DA:98,0
DA:101,0
DA:102,0
DA:103,0
DA:106,0
DA:111,0
DA:112,0
DA:113,0
DA:114,0
DA:115,0
DA:116,0
DA:121,0
DA:122,0
DA:124,0
DA:125,0
DA:127,0
DA:128,0
DA:129,0
DA:130,0
DA:131,0
DA:132,0
DA:133,0
DA:134,0
DA:136,0
DA:138,0
DA:139,0
DA:140,0
DA:145,0
DA:156,0
DA:157,0
DA:160,0
DA:162,0
DA:163,0
DA:164,0
DA:166,0
DA:167,0
DA:168,0
DA:169,0
DA:171,0
DA:172,0
DA:173,0
DA:175,0
DA:176,0
DA:177,0
DA:180,0
DA:182,0
DA:184,0
DA:185,0
DA:186,0
DA:187,0
DA:189,0
DA:201,0
DA:202,0
DA:203,0
DA:206,0
DA:207,0
DA:210,0
DA:212,0
DA:213,0
DA:215,0
DA:217,0
DA:221,0
DA:222,0
DA:223,0
DA:227,0
DA:228,0
DA:230,0
DA:234,0
DA:235,0
DA:236,0
DA:237,0
DA:238,0
DA:240,0
DA:252,0
DA:253,0
DA:254,0
DA:258,0
DA:259,0
DA:275,0
DA:279,0
DA:280,0
DA:281,0
DA:282,0
DA:283,0
DA:284,0
DA:294,0
DA:297,0
DA:298,0
DA:301,0
DA:304,0
DA:308,0
DA:309,0
DA:310,0
DA:311,0
DA:313,0
DA:322,0
DA:323,0
DA:324,0
DA:328,0
DA:329,0
DA:330,0
DA:340,0
DA:341,0
DA:412,0
DA:415,0
DA:416,0
DA:419,0
DA:421,0
DA:430,0
DA:431,0
DA:432,0
DA:435,0
DA:436,0
DA:439,0
DA:440,0
DA:441,0
DA:447,0
DA:448,0
DA:449,0
DA:452,0
DA:453,0
DA:456,0
DA:460,0
DA:461,0
DA:462,0
DA:465,0
DA:466,0
DA:467,0
DA:468,0
DA:470,0
DA:471,0
DA:472,0
DA:473,0
DA:474,0
DA:476,0
DA:477,0
DA:478,0
DA:481,0
DA:482,0
DA:483,0
DA:487,0
DA:491,0
DA:492,0
DA:493,0
DA:496,0
DA:497,0
DA:501,0
DA:502,0
DA:503,0
DA:504,0
DA:505,0
DA:506,0
DA:508,0
DA:527,0
DA:528,0
DA:529,0
DA:532,0
DA:553,0
DA:555,0
DA:556,0
DA:557,0
DA:558,0
DA:568,0
DA:571,0
DA:572,0
DA:574,0
DA:575,0
DA:577,0
LF:216
LH:0
BRDA:11,0,0,0
BRDA:11,0,1,0
BRDA:12,1,0,0
BRDA:12,1,1,0
BRDA:13,2,0,0
BRDA:13,2,1,0
BRDA:14,3,0,0
BRDA:14,3,1,0
BRDA:15,4,0,0
BRDA:15,4,1,0
BRDA:16,5,0,0
BRDA:16,5,1,0
BRDA:22,6,0,0
BRDA:22,6,1,0
BRDA:23,7,0,0
BRDA:23,7,1,0
BRDA:29,8,0,0
BRDA:29,8,1,0
BRDA:30,9,0,0
BRDA:30,9,1,0
BRDA:37,10,0,0
BRDA:37,10,1,0
BRDA:37,11,0,0
BRDA:37,11,1,0
BRDA:43,12,0,0
BRDA:43,12,1,0
BRDA:46,13,0,0
BRDA:46,13,1,0
BRDA:68,14,0,0
BRDA:68,14,1,0
BRDA:74,15,0,0
BRDA:74,15,1,0
BRDA:76,16,0,0
BRDA:76,16,1,0
BRDA:76,17,0,0
BRDA:76,17,1,0
BRDA:76,17,2,0
BRDA:83,18,0,0
BRDA:83,18,1,0
BRDA:91,19,0,0
BRDA:91,19,1,0
BRDA:92,20,0,0
BRDA:92,20,1,0
BRDA:92,21,0,0
BRDA:92,21,1,0
BRDA:92,21,2,0
BRDA:101,22,0,0
BRDA:101,22,1,0
BRDA:113,23,0,0
BRDA:113,23,1,0
BRDA:113,24,0,0
BRDA:113,24,1,0
BRDA:128,25,0,0
BRDA:128,25,1,0
BRDA:128,25,2,0
BRDA:128,25,3,0
BRDA:130,26,0,0
BRDA:130,26,1,0
BRDA:132,27,0,0
BRDA:132,27,1,0
BRDA:136,28,0,0
BRDA:136,28,1,0
BRDA:138,29,0,0
BRDA:138,29,1,0
BRDA:156,30,0,0
BRDA:156,30,1,0
BRDA:162,31,0,0
BRDA:162,31,1,0
BRDA:164,32,0,0
BRDA:164,32,1,0
BRDA:167,33,0,0
BRDA:167,33,1,0
BRDA:167,34,0,0
BRDA:167,34,1,0
BRDA:171,35,0,0
BRDA:171,35,1,0
BRDA:175,36,0,0
BRDA:175,36,1,0
BRDA:182,37,0,0
BRDA:182,37,1,0
BRDA:184,38,0,0
BRDA:184,38,1,0
BRDA:187,39,0,0
BRDA:187,39,1,0
BRDA:201,40,0,0
BRDA:201,40,1,0
BRDA:210,41,0,0
BRDA:210,41,1,0
BRDA:215,42,0,0
BRDA:215,42,1,0
BRDA:222,43,0,0
BRDA:222,43,1,0
BRDA:222,44,0,0
BRDA:222,44,1,0
BRDA:227,45,0,0
BRDA:227,45,1,0
BRDA:235,46,0,0
BRDA:235,46,1,0
BRDA:235,47,0,0
BRDA:235,47,1,0
BRDA:236,48,0,0
BRDA:236,48,1,0
BRDA:236,49,0,0
BRDA:236,49,1,0
BRDA:238,50,0,0
BRDA:238,50,1,0
BRDA:247,51,0,0
BRDA:247,51,1,0
BRDA:252,52,0,0
BRDA:252,52,1,0
BRDA:258,53,0,0
BRDA:258,53,1,0
BRDA:266,54,0,0
BRDA:266,54,1,0
BRDA:267,55,0,0
BRDA:267,55,1,0
BRDA:269,56,0,0
BRDA:269,56,1,0
BRDA:269,56,2,0
BRDA:279,57,0,0
BRDA:279,57,1,0
BRDA:280,58,0,0
BRDA:280,58,1,0
BRDA:281,59,0,0
BRDA:281,59,1,0
BRDA:281,60,0,0
BRDA:281,60,1,0
BRDA:282,61,0,0
BRDA:282,61,1,0
BRDA:301,62,0,0
BRDA:301,62,1,0
BRDA:309,63,0,0
BRDA:309,63,1,0
BRDA:310,64,0,0
BRDA:310,64,1,0
BRDA:311,65,0,0
BRDA:311,65,1,0
BRDA:311,65,2,0
BRDA:322,66,0,0
BRDA:322,66,1,0
BRDA:328,67,0,0
BRDA:328,67,1,0
BRDA:328,68,0,0
BRDA:328,68,1,0
BRDA:329,69,0,0
BRDA:329,69,1,0
BRDA:330,70,0,0
BRDA:330,70,1,0
BRDA:419,71,0,0
BRDA:419,71,1,0
BRDA:419,72,0,0
BRDA:419,72,1,0
BRDA:430,73,0,0
BRDA:430,73,1,0
BRDA:439,74,0,0
BRDA:439,74,1,0
BRDA:439,75,0,0
BRDA:439,75,1,0
BRDA:447,76,0,0
BRDA:447,76,1,0
BRDA:452,77,0,0
BRDA:452,77,1,0
BRDA:461,78,0,0
BRDA:461,78,1,0
BRDA:466,79,0,0
BRDA:466,79,1,0
BRDA:466,80,0,0
BRDA:466,80,1,0
BRDA:472,81,0,0
BRDA:472,81,1,0
BRDA:476,82,0,0
BRDA:476,82,1,0
BRDA:476,83,0,0
BRDA:476,83,1,0
BRDA:476,83,2,0
BRDA:481,84,0,0
BRDA:481,84,1,0
BRDA:492,85,0,0
BRDA:492,85,1,0
BRDA:492,86,0,0
BRDA:492,86,1,0
BRDA:502,87,0,0
BRDA:502,87,1,0
BRDA:502,88,0,0
BRDA:502,88,1,0
BRDA:503,89,0,0
BRDA:503,89,1,0
BRDA:503,90,0,0
BRDA:503,90,1,0
BRDA:527,91,0,0
BRDA:527,91,1,0
BRDA:555,92,0,0
BRDA:555,92,1,0
BRDA:555,93,0,0
BRDA:555,93,1,0
BRDA:556,94,0,0
BRDA:556,94,1,0
BRF:197
BRH:0
end_of_record
TN:
SF:server-handlers/re-engage-users.ts
FN:36,getEmailTier
FN:57,getWeakestSkill
FN:61,(anonymous_2)
FN:64,buildEmail
FN:173,handler
FN:212,(anonymous_5)
FN:246,(anonymous_6)
FN:248,(anonymous_7)
FN:272,sendOne
FN:295,(anonymous_9)
FNF:10
FNH:0
FNDA:0,getEmailTier
FNDA:0,getWeakestSkill
FNDA:0,(anonymous_2)
FNDA:0,buildEmail
FNDA:0,handler
FNDA:0,(anonymous_5)
FNDA:0,(anonymous_6)
FNDA:0,(anonymous_7)
FNDA:0,sendOne
FNDA:0,(anonymous_9)
DA:11,0
DA:12,0
DA:13,0
DA:14,0
DA:15,0
DA:16,0
DA:37,0
DA:41,0
DA:43,0
DA:44,0
DA:45,0
DA:46,0
DA:50,0
DA:51,0
DA:52,0
DA:53,0
DA:54,0
DA:58,0
DA:59,0
DA:60,0
DA:61,0
DA:69,0
DA:70,0
DA:71,0
DA:72,0
DA:73,0
DA:74,0
DA:76,0
DA:84,0
DA:96,0
DA:104,0
DA:106,0
DA:114,0
DA:170,0
DA:174,0
DA:175,0
DA:178,0
DA:179,0
DA:182,0
DA:190,0
DA:200,0
DA:201,0
DA:204,0
DA:205,0
DA:206,0
DA:212,0
DA:213,0
DA:214,0
DA:215,0
DA:216,0
DA:217,0
DA:219,0
DA:221,0
DA:224,0
DA:225,0
DA:226,0
DA:230,0
DA:231,0
DA:232,0
DA:233,0
DA:234,0
DA:235,0
DA:236,0
DA:237,0
DA:244,0
DA:245,0
DA:246,0
DA:247,0
DA:248,0
DA:249,0
DA:258,0
DA:259,0
DA:260,0
DA:262,0
DA:266,0
DA:271,0
DA:273,0
DA:274,0
DA:275,0
DA:276,0
DA:281,0
DA:282,0
DA:283,0
DA:286,0
DA:295,0
DA:296,0
DA:298,0
DA:299,0
DA:303,0
DA:304,0
DA:305,0
DA:306,0
DA:307,0
DA:310,0
DA:318,0
DA:319,0
LF:96
LH:0
BRDA:11,0,0,0
BRDA:11,0,1,0
BRDA:12,1,0,0
BRDA:12,1,1,0
BRDA:13,2,0,0
BRDA:13,2,1,0
BRDA:14,3,0,0
BRDA:14,3,1,0
BRDA:15,4,0,0
BRDA:15,4,1,0
BRDA:16,5,0,0
BRDA:16,5,1,0
BRDA:36,6,0,0
BRDA:37,7,0,0
BRDA:37,7,1,0
BRDA:41,8,0,0
BRDA:41,8,1,0
BRDA:43,9,0,0
BRDA:43,9,1,0
BRDA:44,10,0,0
BRDA:44,10,1,0
BRDA:44,11,0,0
BRDA:44,11,1,0
BRDA:45,12,0,0
BRDA:45,12,1,0
BRDA:45,13,0,0
BRDA:45,13,1,0
BRDA:50,14,0,0
BRDA:50,14,1,0
BRDA:51,15,0,0
BRDA:51,15,1,0
BRDA:51,16,0,0
BRDA:51,16,1,0
BRDA:52,17,0,0
BRDA:52,17,1,0
BRDA:52,18,0,0
BRDA:52,18,1,0
BRDA:53,19,0,0
BRDA:53,19,1,0
BRDA:53,20,0,0
BRDA:53,20,1,0
BRDA:58,21,0,0
BRDA:58,21,1,0
BRDA:60,22,0,0
BRDA:60,22,1,0
BRDA:69,23,0,0
BRDA:69,23,1,0
BRDA:70,24,0,0
BRDA:70,24,1,0
BRDA:71,25,0,0
BRDA:71,25,1,0
BRDA:72,26,0,0
BRDA:72,26,1,0
BRDA:77,27,0,0
BRDA:77,27,1,0
BRDA:78,28,0,0
BRDA:78,28,1,0
BRDA:80,29,0,0
BRDA:80,29,1,0
BRDA:86,30,0,0
BRDA:86,30,1,0
BRDA:89,31,0,0
BRDA:89,31,1,0
BRDA:98,32,0,0
BRDA:98,32,1,0
BRDA:104,33,0,0
BRDA:104,33,1,0
BRDA:104,34,0,0
BRDA:104,34,1,0
BRDA:104,34,2,0
BRDA:131,35,0,0
BRDA:131,35,1,0
BRDA:131,36,0,0
BRDA:131,36,1,0
BRDA:140,37,0,0
BRDA:140,37,1,0
BRDA:174,38,0,0
BRDA:174,38,1,0
BRDA:174,39,0,0
BRDA:174,39,1,0
BRDA:178,40,0,0
BRDA:178,40,1,0
BRDA:178,41,0,0
BRDA:178,41,1,0
BRDA:178,41,2,0
BRDA:200,42,0,0
BRDA:200,42,1,0
BRDA:205,43,0,0
BRDA:205,43,1,0
BRDA:205,44,0,0
BRDA:205,44,1,0
BRDA:213,45,0,0
BRDA:213,45,1,0
BRDA:213,46,0,0
BRDA:213,46,1,0
BRDA:213,46,2,0
BRDA:216,47,0,0
BRDA:216,47,1,0
BRDA:217,48,0,0
BRDA:217,48,1,0
BRDA:219,49,0,0
BRDA:219,49,1,0
BRDA:221,50,0,0
BRDA:221,50,1,0
BRDA:234,51,0,0
BRDA:234,51,1,0
BRDA:236,52,0,0
BRDA:236,52,1,0
BRDA:245,53,0,0
BRDA:245,53,1,0
BRDA:258,54,0,0
BRDA:258,54,1,0
BRDA:262,55,0,0
BRDA:262,55,1,0
BRDA:273,56,0,0
BRDA:273,56,1,0
BRDA:281,57,0,0
BRDA:281,57,1,0
BRDA:307,58,0,0
BRDA:307,58,1,0
BRF:120
BRH:0
end_of_record
TN:
SF:server-handlers/reactivate-subscription.ts
FN:19,handler
FNF:1
FNH:0
FNDA:0,handler
DA:12,0
DA:13,0
DA:14,0
DA:15,0
DA:16,0
DA:17,0
DA:20,0
DA:21,0
DA:23,0
DA:24,0
DA:25,0
DA:27,0
DA:28,0
DA:29,0
DA:32,0
DA:33,0
DA:34,0
DA:37,0
DA:38,0
DA:40,0
DA:41,0
DA:44,0
DA:45,0
DA:46,0
DA:48,0
DA:51,0
DA:52,0
DA:55,0
DA:59,0
DA:60,0
DA:62,0
DA:63,0
DA:67,0
DA:68,0
DA:71,0
DA:74,0
DA:75,0
DA:76,0
DA:79,0
DA:82,0
DA:83,0
DA:85,0
DA:88,0
DA:89,0
DA:90,0
DA:94,0
[...]
FNDA:9,(anonymous_8)
FNDA:9,(anonymous_9)
FNDA:0,(anonymous_10)
DA:4,20
DA:5,20
DA:6,20
DA:7,20
DA:8,20
DA:9,20
DA:10,20
DA:12,20
DA:13,0
DA:14,0
DA:18,0
DA:20,0
DA:21,0
DA:22,0
DA:25,0
DA:26,0
DA:32,0
DA:33,0
DA:36,0
DA:37,0
DA:38,0
DA:39,0
DA:41,0
DA:42,0
DA:45,0
DA:46,0
DA:47,0
DA:48,0
DA:50,0
DA:51,0
DA:55,20
DA:56,0
DA:60,0
DA:62,0
DA:65,20
DA:66,0
DA:67,0
DA:68,0
DA:69,0
DA:70,0
DA:75,20
DA:76,9
DA:77,9
DA:78,0
DA:80,9
DA:84,20
LF:46
LH:15
BRDA:20,0,0,0
BRDA:20,0,1,0
BRDA:27,1,0,0
BRDA:27,1,1,0
BRDA:33,2,0,0
BRDA:33,2,1,0
BRDA:56,3,0,0
BRDA:56,3,1,0
BRDA:57,4,0,0
BRDA:57,4,1,0
BRDA:66,5,0,0
BRDA:66,5,1,0
BRDA:66,6,0,0
BRDA:66,6,1,0
BRDA:69,7,0,0
BRDA:69,7,1,0
BRDA:77,8,0,0
BRDA:77,8,1,9
BRDA:77,9,0,9
BRDA:77,9,1,0
BRF:20
BRH:2
end_of_record
TN:
SF:src/utils.ts
FN:10,formatINR
FN:23,formatNumber
FN:31,formatDateTime
FN:47,formatRelativeTime
FN:67,safeUUID
FN:72,(anonymous_5)
FN:80,safeJsonParse
FN:89,getErrorMessage
FN:100,(anonymous_8)
FN:106,(anonymous_9)
FN:109,(anonymous_10)
FN:112,(anonymous_11)
FN:115,(anonymous_12)
FN:119,(anonymous_13)
FN:126,(anonymous_14)
FN:151,(anonymous_15)
FN:153,(anonymous_16)
FN:161,clamp
FN:169,formatDuration
FNF:19
FNH:1
FNDA:0,formatINR
FNDA:0,formatNumber
FNDA:0,formatDateTime
FNDA:0,formatRelativeTime
FNDA:20,safeUUID
FNDA:0,(anonymous_5)
FNDA:0,safeJsonParse
FNDA:0,getErrorMessage
FNDA:0,(anonymous_8)
FNDA:0,(anonymous_9)
FNDA:0,(anonymous_10)
FNDA:0,(anonymous_11)
FNDA:0,(anonymous_12)
FNDA:0,(anonymous_13)
FNDA:0,(anonymous_14)
FNDA:0,(anonymous_15)
FNDA:0,(anonymous_16)
FNDA:0,clamp
FNDA:0,formatDuration
DA:5,6
DA:6,6
DA:7,6
DA:11,0
DA:12,0
DA:13,0
DA:19,0
DA:24,0
DA:25,0
DA:27,0
DA:32,0
DA:33,0
DA:34,0
DA:35,0
DA:36,0
DA:41,0
DA:43,0
DA:48,0
DA:49,0
DA:50,0
DA:51,0
DA:52,0
DA:56,0
DA:57,0
DA:59,0
DA:68,20
DA:69,0
DA:70,0
DA:71,0
DA:72,0
DA:73,0
DA:81,0
DA:82,0
DA:90,0
DA:91,0
DA:92,0
DA:99,6
DA:101,0
DA:102,0
DA:103,0
DA:104,0
DA:107,0
DA:110,0
DA:113,0
DA:116,0
DA:120,0
DA:121,0
DA:122,0
DA:123,0
DA:127,0
DA:128,0
DA:129,0
DA:130,0
DA:131,0
DA:132,0
DA:133,0
DA:135,0
DA:136,0
DA:144,6
DA:149,6
DA:162,0
DA:170,0
DA:171,0
DA:172,0
DA:173,0
DA:174,0
DA:175,0
LF:67
LH:7
BRDA:10,0,0,0
BRDA:11,1,0,0
BRDA:11,1,1,0
BRDA:12,2,0,0
BRDA:12,2,1,0
BRDA:12,3,0,0
BRDA:12,3,1,0
BRDA:15,4,0,0
BRDA:15,4,1,0
BRDA:23,5,0,0
BRDA:24,6,0,0
BRDA:24,6,1,0
BRDA:24,7,0,0
BRDA:24,7,1,0
BRDA:31,8,0,0
BRDA:32,9,0,0
BRDA:32,9,1,0
BRDA:33,10,0,0
BRDA:33,10,1,0
BRDA:35,11,0,0
BRDA:35,11,1,0
BRDA:35,12,0,0
BRDA:35,12,1,0
BRDA:37,13,0,0
BRDA:37,13,1,0
BRDA:47,14,0,0
BRDA:48,15,0,0
BRDA:48,15,1,0
BRDA:57,16,0,0
BRDA:57,16,1,0
BRDA:57,17,0,0
BRDA:57,17,1,0
BRDA:81,18,0,0
BRDA:81,18,1,0
BRDA:90,19,0,0
BRDA:90,19,1,0
BRDA:91,20,0,0
BRDA:91,20,1,0
BRDA:103,21,0,0
BRDA:103,21,1,0
BRDA:129,22,0,0
BRDA:129,22,1,0
BRDA:131,23,0,0
BRDA:131,23,1,0
BRDA:131,24,0,0
BRDA:131,24,1,0
BRDA:132,25,0,0
BRDA:132,25,1,0
BRDA:144,26,0,6
BRDA:144,26,1,6
BRDA:144,26,2,0
BRDA:151,27,0,6
BRDA:151,27,1,0
BRDA:153,28,0,6
BRDA:153,28,1,0
BRDA:173,29,0,0
BRDA:173,29,1,0
BRDA:174,30,0,0
BRDA:174,30,1,0
BRF:59
BRH:4
end_of_record
TN:
SF:src/landing/BottomSections.tsx
FN:13,ForTeamsBanner
FN:18,(anonymous_1)
FN:52,(anonymous_2)
FN:54,(anonymous_3)
FN:60,(anonymous_4)
FN:61,(anonymous_5)
FN:68,(anonymous_6)
FN:69,(anonymous_7)
FN:83,TrustBadges
FN:117,(anonymous_9)
FN:134,FAQSection
FN:147,(anonymous_11)
FN:152,(anonymous_12)
FN:190,FinalCTA
FN:204,(anonymous_14)
FN:230,(anonymous_15)
FN:231,(anonymous_16)
FN:249,EmailCapture
FN:254,(anonymous_18)
FN:301,(anonymous_19)
FN:310,(anonymous_20)
FN:311,(anonymous_21)
FN:333,Footer
FN:370,(anonymous_23)
FN:376,(anonymous_24)
FN:377,(anonymous_25)
FN:384,(anonymous_26)
FN:387,(anonymous_27)
FN:392,(anonymous_28)
FN:397,(anonymous_29)
FN:398,(anonymous_30)
FNF:31
FNH:0
FNDA:0,ForTeamsBanner
FNDA:0,(anonymous_1)
FNDA:0,(anonymous_2)
FNDA:0,(anonymous_3)
FNDA:0,(anonymous_4)
FNDA:0,(anonymous_5)
FNDA:0,(anonymous_6)
FNDA:0,(anonymous_7)
FNDA:0,TrustBadges
FNDA:0,(anonymous_9)
FNDA:0,FAQSection
FNDA:0,(anonymous_11)
FNDA:0,(anonymous_12)
FNDA:0,FinalCTA
FNDA:0,(anonymous_14)
FNDA:0,(anonymous_15)
FNDA:0,(anonymous_16)
FNDA:0,EmailCapture
FNDA:0,(anonymous_18)
FNDA:0,(anonymous_19)
FNDA:0,(anonymous_20)
FNDA:0,(anonymous_21)
FNDA:0,Footer
FNDA:0,(anonymous_23)
FNDA:0,(anonymous_24)
FNDA:0,(anonymous_25)
FNDA:0,(anonymous_26)
FNDA:0,(anonymous_27)
FNDA:0,(anonymous_28)
FNDA:0,(anonymous_29)
FNDA:0,(anonymous_30)
DA:14,0
DA:15,0
DA:16,0
DA:18,0
DA:19,0
DA:20,0
DA:21,0
DA:22,0
DA:23,0
DA:24,0
DA:26,0
DA:27,0
DA:29,0
DA:30,0
DA:34,0
DA:52,0
DA:54,0
DA:60,0
DA:61,0
DA:68,0
DA:69,0
DA:84,0
DA:85,0
DA:108,0
DA:118,0
DA:135,0
DA:136,0
DA:138,0
DA:148,0
DA:149,0
DA:152,0
DA:191,0
DA:193,0
DA:204,0
DA:231,0
DA:250,0
DA:251,0
DA:252,0
DA:254,0
DA:255,0
DA:256,0
DA:257,0
DA:258,0
DA:259,0
DA:260,0
DA:261,0
DA:264,0
DA:265,0
DA:266,0
DA:267,0
DA:268,0
DA:271,0
DA:272,0
DA:276,0
DA:301,0
DA:310,0
DA:311,0
DA:334,0
DA:349,0
DA:356,0
DA:371,0
DA:376,0
DA:377,0
DA:385,0
DA:388,0
DA:389,0
DA:390,0
DA:392,0
DA:397,0
DA:398,0
LF:70
LH:0
BRDA:19,0,0,0
BRDA:19,0,1,0
BRDA:19,1,0,0
BRDA:19,1,1,0
BRDA:22,2,0,0
BRDA:22,2,1,0
BRDA:44,3,0,0
BRDA:44,3,1,0
BRDA:54,4,0,0
BRDA:54,4,1,0
BRDA:70,5,0,0
BRDA:70,5,1,0
BRDA:152,6,0,0
BRDA:152,6,1,0
BRDA:165,7,0,0
BRDA:165,7,1,0
BRDA:171,8,0,0
BRDA:171,8,1,0
BRDA:173,9,0,0
BRDA:173,9,1,0
BRDA:233,10,0,0
BRDA:233,10,1,0
BRDA:256,11,0,0
BRDA:256,11,1,0
BRDA:256,12,0,0
BRDA:256,12,1,0
BRDA:259,13,0,0
BRDA:259,13,1,0
BRDA:264,14,0,0
BRDA:264,14,1,0
BRDA:291,15,0,0
BRDA:291,15,1,0
BRDA:317,16,0,0
BRDA:317,16,1,0
BRDA:319,17,0,0
BRDA:319,17,1,0
BRDA:388,18,0,0
BRDA:388,18,1,0
BRDA:392,19,0,0
BRDA:392,19,1,0
BRF:40
BRH:0
end_of_record
TN:
SF:src/landing/FeaturesSection.tsx
FN:5,FeaturesSection
FN:15,(anonymous_1)
FN:20,FeatureRow
FN:50,FeatureVisual
FN:55,(anonymous_4)
FN:85,(anonymous_5)
FN:100,(anonymous_6)
FN:124,(anonymous_7)
FNF:8
FNH:0
FNDA:0,FeaturesSection
FNDA:0,(anonymous_1)
FNDA:0,FeatureRow
FNDA:0,FeatureVisual
FNDA:0,(anonymous_4)
FNDA:0,(anonymous_5)
FNDA:0,(anonymous_6)
FNDA:0,(anonymous_7)
DA:6,0
DA:7,0
DA:15,0
DA:21,0
DA:22,0
DA:24,0
DA:51,0
DA:52,0
DA:56,0
DA:70,0
DA:71,0
DA:86,0
DA:92,0
DA:93,0
DA:101,0
DA:116,0
DA:125,0
LF:17
LH:0
BRDA:27,0,0,0
BRDA:27,0,1,0
BRDA:51,1,0,0
BRDA:51,1,1,0
BRDA:58,2,0,0
BRDA:58,2,1,0
BRDA:59,3,0,0
BRDA:59,3,1,0
BRDA:60,4,0,0
BRDA:60,4,1,0
BRDA:70,5,0,0
BRDA:70,5,1,0
BRDA:92,6,0,0
BRDA:92,6,1,0
BRF:14
BRH:0
end_of_record
TN:
SF:src/landing/Hero.tsx
FN:11,ParticleCanvas
FN:16,(anonymous_1)
FN:17,(anonymous_2)
FN:18,(anonymous_3)
FN:21,(anonymous_4)
FN:32,(anonymous_5)
FN:48,(anonymous_6)
FN:49,(anonymous_7)
FN:65,(anonymous_8)
FN:105,(anonymous_9)
FN:119,(anonymous_10)
FN:128,StickyCTA
FN:132,(anonymous_12)
FN:133,(anonymous_13)
FN:135,(anonymous_14)
FN:167,(anonymous_15)
FN:176,HeroCTA
FN:185,(anonymous_17)
FN:188,(anonymous_18)
FN:195,(anonymous_19)
FN:196,(anonymous_20)
FN:203,BottomCTA
FN:211,(anonymous_22)
FN:220,HeroMockup
FN:245,(anonymous_24)
FN:256,(anonymous_25)
FN:282,Hero
FN:296,(anonymous_27)
FN:296,(anonymous_28)
FN:320,(anonymous_29)
FN:348,(anonymous_30)
FN:380,(anonymous_31)
FNF:32
FNH:0
FNDA:0,ParticleCanvas
FNDA:0,(anonymous_1)
FNDA:0,(anonymous_2)
FNDA:0,(anonymous_3)
FNDA:0,(anonymous_4)
FNDA:0,(anonymous_5)
FNDA:0,(anonymous_6)
FNDA:0,(anonymous_7)
FNDA:0,(anonymous_8)
FNDA:0,(anonymous_9)
FNDA:0,(anonymous_10)
FNDA:0,StickyCTA
FNDA:0,(anonymous_12)
FNDA:0,(anonymous_13)
FNDA:0,(anonymous_14)
FNDA:0,(anonymous_15)
FNDA:0,HeroCTA
FNDA:0,(anonymous_17)
FNDA:0,(anonymous_18)
FNDA:0,(anonymous_19)
FNDA:0,(anonymous_20)
FNDA:0,BottomCTA
FNDA:0,(anonymous_22)
FNDA:0,HeroMockup
FNDA:0,(anonymous_24)
FNDA:0,(anonymous_25)
FNDA:0,Hero
FNDA:0,(anonymous_27)
FNDA:0,(anonymous_28)
FNDA:0,(anonymous_29)
FNDA:0,(anonymous_30)
FNDA:0,(anonymous_31)
DA:12,0
DA:13,0
DA:16,0
DA:17,0
DA:18,0
DA:21,0
DA:22,0
DA:23,0
DA:24,0
DA:25,0
DA:26,0
DA:29,0
DA:30,0
DA:31,0
DA:32,0
DA:33,0
DA:34,0
DA:35,0
DA:36,0
DA:37,0
DA:38,0
DA:39,0
DA:41,0
DA:42,0
DA:44,0
DA:45,0
DA:47,0
DA:48,0
DA:49,0
DA:50,0
DA:52,0
DA:53,0
DA:57,0
DA:58,0
DA:59,0
DA:61,0
DA:62,0
DA:63,0
DA:65,0
DA:66,0
DA:67,0
DA:68,0
DA:69,0
DA:71,0
DA:72,0
DA:73,0
DA:74,0
DA:75,0
DA:76,0
DA:78,0
DA:79,0
DA:80,0
DA:81,0
DA:82,0
DA:83,0
DA:84,0
DA:85,0
DA:89,0
DA:90,0
DA:91,0
DA:92,0
DA:93,0
DA:94,0
DA:95,0
DA:96,0
DA:97,0
DA:105,0
DA:106,0
DA:108,0
DA:109,0
DA:110,0
DA:113,0
DA:114,0
DA:115,0
DA:116,0
DA:119,0
DA:122,0
DA:129,0
DA:130,0
DA:132,0
DA:133,0
DA:134,0
DA:135,0
DA:138,0
DA:140,0
DA:167,0
DA:177,0
DA:178,0
DA:185,0
DA:188,0
DA:195,0
DA:196,0
DA:204,0
DA:205,0
DA:211,0
DA:221,0
DA:246,0
DA:257,0
DA:283,0
DA:284,0
DA:285,0
DA:296,0
DA:298,0
DA:299,0
DA:301,0
DA:321,0
DA:349,0
DA:381,0
LF:108
LH:0
BRDA:22,0,0,0
BRDA:22,0,1,0
BRDA:24,1,0,0
BRDA:24,1,1,0
BRDA:26,2,0,0
BRDA:26,2,1,0
BRDA:29,3,0,0
BRDA:29,3,1,0
BRDA:45,4,0,0
BRDA:45,4,1,0
BRDA:65,5,0,0
BRDA:67,6,0,0
BRDA:67,6,1,0
BRDA:68,7,0,0
BRDA:68,7,1,0
BRDA:80,8,0,0
BRDA:80,8,1,0
BRDA:80,9,0,0
BRDA:80,9,1,0
BRDA:81,10,0,0
BRDA:81,10,1,0
BRDA:82,11,0,0
BRDA:82,11,1,0
BRDA:83,12,0,0
BRDA:83,12,1,0
BRDA:89,13,0,0
BRDA:89,13,1,0
BRDA:94,14,0,0
BRDA:94,14,1,0
BRDA:109,15,0,0
BRDA:109,15,1,0
BRDA:138,16,0,0
BRDA:138,16,1,0
BRDA:143,17,0,0
BRDA:143,17,1,0
BRDA:144,18,0,0
BRDA:144,18,1,0
BRDA:146,19,0,0
BRDA:146,19,1,0
BRDA:180,20,0,0
BRDA:180,20,1,0
BRDA:185,21,0,0
BRDA:185,21,1,0
BRDA:186,22,0,0
BRDA:186,22,1,0
BRDA:206,23,0,0
BRDA:206,23,1,0
BRDA:211,24,0,0
BRDA:211,24,1,0
BRDA:212,25,0,0
BRDA:212,25,1,0
BRDA:351,26,0,0
BRDA:351,26,1,0
BRDA:352,27,0,0
BRDA:352,27,1,0
BRDA:353,28,0,0
BRDA:353,28,1,0
BRDA:355,29,0,0
BRDA:355,29,1,0
BRF:59
BRH:0
end_of_record
TN:
SF:src/landing/HowItWorks.tsx
FN:6,ProductMockup
FN:20,(anonymous_1)
FN:30,MockupUpload
FN:50,MockupInterview
FN:67,(anonymous_4)
FN:81,MockupFeedback
FN:94,(anonymous_6)
FN:110,HowItWorks
FN:116,(anonymous_8)
FN:118,(anonymous_9)
FN:119,(anonymous_10)
FN:121,(anonymous_11)
FN:135,(anonymous_12)
FN:136,(anonymous_13)
FN:139,(anonymous_14)
FN:144,(anonymous_15)
FN:212,(anonymous_16)
FNF:17
FNH:0
FNDA:0,ProductMockup
FNDA:0,(anonymous_1)
FNDA:0,MockupUpload
FNDA:0,MockupInterview
FNDA:0,(anonymous_4)
FNDA:0,MockupFeedback
FNDA:0,(anonymous_6)
FNDA:0,HowItWorks
FNDA:0,(anonymous_8)
FNDA:0,(anonymous_9)
FNDA:0,(anonymous_10)
FNDA:0,(anonymous_11)
FNDA:0,(anonymous_12)
FNDA:0,(anonymous_13)
FNDA:0,(anonymous_14)
FNDA:0,(anonymous_15)
FNDA:0,(anonymous_16)
DA:8,0
DA:15,0
DA:17,0
DA:20,0
DA:31,0
DA:51,0
DA:68,0
DA:82,0
DA:87,0
DA:95,0
DA:111,0
DA:112,0
DA:113,0
DA:116,0
DA:117,0
DA:118,0
DA:119,0
DA:121,0
DA:124,0
DA:135,0
DA:136,0
DA:140,0
DA:141,0
DA:144,0
DA:213,0
LF:25
LH:0
BRDA:6,0,0,0
BRDA:9,1,0,0
BRDA:9,1,1,0
BRDA:10,2,0,0
BRDA:10,2,1,0
BRDA:11,3,0,0
BRDA:11,3,1,0
BRDA:15,4,0,0
BRDA:15,4,1,0
BRDA:117,5,0,0
BRDA:117,5,1,0
BRDA:159,6,0,0
BRDA:159,6,1,0
BRDA:159,7,0,0
BRDA:159,7,1,0
BRDA:159,8,0,0
BRDA:159,8,1,0
BRDA:160,9,0,0
BRDA:160,9,1,0
BRDA:160,10,0,0
BRDA:160,10,1,0
BRDA:168,11,0,0
BRDA:168,11,1,0
BRDA:170,12,0,0
BRDA:170,12,1,0
BRDA:173,13,0,0
BRDA:173,13,1,0
BRDA:174,14,0,0
BRDA:174,14,1,0
BRDA:180,15,0,0
BRDA:180,15,1,0
BRDA:190,16,0,0
BRDA:190,16,1,0
BRDA:191,17,0,0
BRDA:191,17,1,0
BRDA:216,18,0,0
BRDA:216,18,1,0
BRDA:217,19,0,0
BRDA:217,19,1,0
BRDA:218,20,0,0
BRDA:218,20,1,0
BRDA:219,21,0,0
BRDA:219,21,1,0
BRDA:221,22,0,0
BRDA:221,22,1,0
BRF:45
BRH:0
end_of_record
TN:
SF:src/landing/Nav.tsx
FN:6,Nav
FN:11,(anonymous_1)
FN:12,(anonymous_2)
FN:14,(anonymous_3)
FN:17,(anonymous_4)
FN:43,(anonymous_5)
FN:59,(anonymous_6)
FN:62,(anonymous_7)
FN:64,(anonymous_8)
FN:65,(anonymous_9)
FN:89,(anonymous_10)
FN:90,(anonymous_11)
FN:109,(anonymous_12)
FN:110,(anonymous_13)
FN:133,(anonymous_14)
FN:147,(anonymous_15)
FN:148,(anonymous_16)
FN:150,(anonymous_17)
FN:171,(anonymous_18)
FNF:19
FNH:0
FNDA:0,Nav
FNDA:0,(anonymous_1)
FNDA:0,(anonymous_2)
FNDA:0,(anonymous_3)
FNDA:0,(anonymous_4)
FNDA:0,(anonymous_5)
FNDA:0,(anonymous_6)
FNDA:0,(anonymous_7)
FNDA:0,(anonymous_8)
FNDA:0,(anonymous_9)
FNDA:0,(anonymous_10)
FNDA:0,(anonymous_11)
FNDA:0,(anonymous_12)
FNDA:0,(anonymous_13)
FNDA:0,(anonymous_14)
FNDA:0,(anonymous_15)
FNDA:0,(anonymous_16)
FNDA:0,(anonymous_17)
FNDA:0,(anonymous_18)
DA:7,0
DA:8,0
DA:9,0
DA:10,0
DA:11,0
DA:12,0
DA:13,0
DA:14,0
DA:17,0
DA:18,0
DA:19,0
DA:23,0
DA:43,0
DA:60,0
DA:62,0
DA:64,0
DA:65,0
DA:89,0
DA:90,0
DA:109,0
DA:110,0
DA:134,0
DA:135,0
DA:136,0
DA:137,0
DA:138,0
DA:139,0
DA:140,0
DA:147,0
DA:149,0
DA:150,0
DA:171,0
LF:32
LH:0
BRDA:18,0,0,0
BRDA:18,0,1,0
BRDA:18,1,0,0
BRDA:18,1,1,0
BRDA:29,2,0,0
BRDA:29,2,1,0
BRDA:30,3,0,0
BRDA:30,3,1,0
BRDA:31,4,0,0
BRDA:31,4,1,0
BRDA:32,5,0,0
BRDA:32,5,1,0
BRDA:44,6,0,0
BRDA:44,6,1,0
BRDA:53,7,0,0
BRDA:53,7,1,0
BRDA:69,8,0,0
BRDA:69,8,1,0
BRDA:71,9,0,0
BRDA:71,9,1,0
BRDA:96,10,0,0
BRDA:96,10,1,0
BRDA:96,11,0,0
BRDA:96,11,1,0
BRDA:125,12,0,0
BRDA:125,12,1,0
BRDA:134,13,0,0
BRDA:134,13,1,0
BRDA:135,14,0,0
BRDA:135,14,1,0
BRDA:137,15,0,0
BRDA:137,15,1,0
BRDA:139,16,0,0
BRDA:139,16,1,0
BRDA:139,17,0,0
BRDA:139,17,1,0
BRDA:140,18,0,0
BRDA:140,18,1,0
BRDA:156,19,0,0
BRDA:156,19,1,0
BRDA:156,20,0,0
BRDA:156,20,1,0
BRDA:165,21,0,0
BRDA:165,21,1,0
BRDA:165,22,0,0
BRDA:165,22,1,0
BRDA:168,23,0,0
BRDA:168,23,1,0
BRF:48
BRH:0
end_of_record
TN:
SF:src/landing/PricingSection.tsx
FN:15,PricingSection
FN:25,(anonymous_1)
FN:33,(anonymous_2)
FN:44,PricingCard
FN:53,(anonymous_4)
FN:68,(anonymous_5)
FN:106,(anonymous_6)
FN:109,(anonymous_7)
FN:110,(anonymous_8)
FN:129,(anonymous_9)
FN:134,(anonymous_10)
FN:136,(anonymous_11)
FN:174,(anonymous_12)
FN:176,(anonymous_13)
FN:207,(anonymous_14)
FN:234,(anonymous_15)
FN:234,(anonymous_16)
FN:237,(anonymous_17)
FN:245,(anonymous_18)
FN:245,(anonymous_19)
FN:254,(anonymous_20)
FN:267,(anonymous_21)
FN:271,(anonymous_22)
FN:280,(anonymous_23)
FNF:24
FNH:7
FNDA:4,PricingSection
FNDA:20,(anonymous_1)
FNDA:12,(anonymous_2)
FNDA:22,PricingCard
FNDA:0,(anonymous_4)
FNDA:0,(anonymous_5)
FNDA:0,(anonymous_6)
FNDA:0,(anonymous_7)
FNDA:0,(anonymous_8)
FNDA:0,(anonymous_9)
FNDA:0,(anonymous_10)
FNDA:0,(anonymous_11)
FNDA:0,(anonymous_12)
FNDA:0,(anonymous_13)
FNDA:0,(anonymous_14)
FNDA:0,(anonymous_15)
FNDA:0,(anonymous_16)
FNDA:0,(anonymous_17)
FNDA:2,(anonymous_18)
FNDA:2,(anonymous_19)
FNDA:100,(anonymous_20)
FNDA:0,(anonymous_21)
FNDA:0,(anonymous_22)
FNDA:0,(anonymous_23)
DA:16,4
DA:17,4
DA:25,20
DA:34,12
DA:45,22
DA:46,22
DA:47,22
DA:48,22
DA:49,22
DA:50,22
DA:51,22
DA:53,22
DA:54,0
DA:55,0
DA:56,0
DA:57,0
DA:59,0
DA:61,0
DA:62,0
DA:63,0
DA:65,0
DA:68,0
DA:69,0
DA:70,0
DA:75,0
DA:76,0
DA:77,0
DA:78,0
DA:81,0
DA:84,0
DA:87,0
DA:89,0
DA:94,0
DA:95,0
DA:96,0
DA:97,0
DA:98,0
DA:99,0
DA:104,0
DA:105,0
DA:106,0
DA:107,0
DA:108,0
DA:109,0
DA:110,0
DA:111,0
DA:114,0
DA:115,0
DA:116,0
DA:119,0
DA:120,0
DA:122,0
DA:123,0
DA:129,0
DA:132,0
DA:133,0
DA:134,0
DA:135,0
DA:136,0
DA:137,0
DA:147,0
DA:148,0
DA:149,0
DA:150,0
DA:152,0
DA:153,0
DA:155,0
DA:157,0
DA:158,0
DA:160,0
DA:161,0
DA:162,0
DA:165,0
DA:166,0
DA:167,0
DA:171,0
DA:172,0
DA:173,0
DA:174,0
DA:175,0
DA:176,0
DA:177,0
DA:187,0
DA:188,0
DA:189,0
DA:190,0
DA:191,0
DA:192,0
DA:194,0
DA:195,0
DA:196,0
DA:199,0
DA:200,0
DA:201,0
DA:206,0
DA:207,0
DA:208,0
DA:209,0
DA:212,0
DA:213,0
DA:217,22
DA:234,0
DA:237,0
DA:245,2
DA:255,100
DA:268,0
DA:269,0
DA:272,0
DA:273,0
DA:280,0
LF:110
LH:15
BRDA:55,0,0,0
BRDA:55,0,1,0
BRDA:56,1,0,0
BRDA:56,1,1,0
BRDA:59,2,0,0
BRDA:59,2,1,0
BRDA:73,3,0,0
BRDA:73,3,1,0
BRDA:73,4,0,0
BRDA:73,4,1,0
BRDA:76,5,0,0
BRDA:76,5,1,0
BRDA:87,6,0,0
BRDA:87,6,1,0
BRDA:92,7,0,0
BRDA:92,7,1,0
BRDA:92,8,0,0
BRDA:92,8,1,0
BRDA:96,9,0,0
BRDA:96,9,1,0
BRDA:97,10,0,0
BRDA:97,10,1,0
BRDA:104,11,0,0
BRDA:104,11,1,0
BRDA:119,12,0,0
BRDA:119,12,1,0
BRDA:120,13,0,0
BRDA:120,13,1,0
BRDA:127,14,0,0
BRDA:127,14,1,0
BRDA:127,15,0,0
BRDA:127,15,1,0
BRDA:132,16,0,0
BRDA:132,16,1,0
BRDA:148,17,0,0
BRDA:148,17,1,0
BRDA:150,18,0,0
BRDA:150,18,1,0
BRDA:152,19,0,0
BRDA:152,19,1,0
BRDA:152,20,0,0
BRDA:152,20,1,0
BRDA:153,21,0,0
BRDA:153,21,1,0
BRDA:153,22,0,0
BRDA:153,22,1,0
BRDA:155,23,0,0
BRDA:155,23,1,0
BRDA:161,24,0,0
BRDA:161,24,1,0
BRDA:188,25,0,0
BRDA:188,25,1,0
BRDA:190,26,0,0
BRDA:190,26,1,0
BRDA:195,27,0,0
BRDA:195,27,1,0
BRDA:208,28,0,0
BRDA:208,28,1,0
BRDA:218,29,0,4
BRDA:218,29,1,18
BRDA:220,30,0,4
BRDA:220,30,1,18
BRDA:222,31,0,22
BRDA:222,31,1,4
BRDA:223,32,0,22
BRDA:223,32,1,4
BRDA:225,33,0,6
BRDA:225,33,1,16
BRDA:227,34,0,6
BRDA:227,34,1,16
BRDA:228,35,0,6
BRDA:228,35,1,16
BRDA:228,36,0,2
BRDA:228,36,1,4
BRDA:229,37,0,12
BRDA:229,37,1,4
BRDA:231,38,0,6
BRDA:231,38,1,16
BRDA:235,39,0,4
BRDA:235,39,1,2
BRDA:235,40,0,4
BRDA:235,40,1,2
BRDA:246,41,0,0
BRDA:246,41,1,6
BRDA:246,42,0,0
BRDA:246,42,1,6
BRDA:256,43,0,24
BRDA:256,43,1,76
BRDA:260,44,0,4
BRDA:260,44,1,18
BRDA:262,45,0,4
BRDA:262,45,1,18
BRDA:263,46,0,4
BRDA:263,46,1,18
BRDA:263,47,0,4
BRDA:263,47,1,18
BRDA:264,48,0,0
BRDA:264,48,1,22
BRDA:265,49,0,0
BRDA:265,49,1,22
BRDA:268,50,0,0
BRDA:268,50,1,0
BRDA:272,51,0,0
BRDA:272,51,1,0
BRDA:275,52,0,0
BRDA:275,52,1,22
BRDA:275,53,0,6
BRDA:275,53,1,16
BRDA:275,54,0,2
BRDA:275,54,1,4
BRDA:277,55,0,22
BRDA:277,55,1,0
BRF:112
BRH:44
end_of_record
TN:
SF:src/landing/Sections.tsx
FN:10,LogoMarquee
FN:19,(anonymous_1)
FN:32,(anonymous_2)
FN:33,(anonymous_3)
FN:46,StatsSection
FN:71,(anonymous_5)
FN:94,ProblemSection
FN:165,DemoVideoSection
FN:178,(anonymous_8)
FN:179,(anonymous_9)
FN:192,(anonymous_10)
FN:220,ScorePreview
FN:224,(anonymous_12)
FN:229,(anonymous_13)
FN:232,(anonymous_14)
FN:234,(anonymous_15)
FN:259,(anonymous_16)
FN:281,ComparisonSection
FN:306,(anonymous_18)
FN:312,(anonymous_19)
FN:313,(anonymous_20)
FN:331,TestimonialsSection
FN:336,(anonymous_22)
FN:338,(anonymous_23)
FN:339,(anonymous_24)
FN:341,(anonymous_25)
FN:353,(anonymous_26)
FN:354,(anonymous_27)
FN:355,(anonymous_28)
FN:356,(anonymous_29)
FN:365,(anonymous_30)
FN:382,(anonymous_31)
FN:420,(anonymous_32)
FN:423,(anonymous_33)
FNF:34
FNH:0
FNDA:0,LogoMarquee
FNDA:0,(anonymous_1)
FNDA:0,(anonymous_2)
FNDA:0,(anonymous_3)
FNDA:0,StatsSection
FNDA:0,(anonymous_5)
FNDA:0,ProblemSection
FNDA:0,DemoVideoSection
FNDA:0,(anonymous_8)
FNDA:0,(anonymous_9)
FNDA:0,(anonymous_10)
FNDA:0,ScorePreview
FNDA:0,(anonymous_12)
FNDA:0,(anonymous_13)
FNDA:0,(anonymous_14)
FNDA:0,(anonymous_15)
FNDA:0,(anonymous_16)
FNDA:0,ComparisonSection
FNDA:0,(anonymous_18)
FNDA:0,(anonymous_19)
FNDA:0,(anonymous_20)
FNDA:0,TestimonialsSection
FNDA:0,(anonymous_22)
FNDA:0,(anonymous_23)
FNDA:0,(anonymous_24)
FNDA:0,(anonymous_25)
FNDA:0,(anonymous_26)
FNDA:0,(anonymous_27)
FNDA:0,(anonymous_28)
FNDA:0,(anonymous_29)
FNDA:0,(anonymous_30)
FNDA:0,(anonymous_31)
FNDA:0,(anonymous_32)
FNDA:0,(anonymous_33)
DA:11,0
DA:13,0
DA:20,0
DA:32,0
DA:33,0
DA:47,0
DA:48,0
DA:49,0
DA:50,0
DA:51,0
DA:53,0
DA:68,0
DA:72,0
DA:95,0
DA:96,0
DA:166,0
DA:167,0
DA:178,0
DA:179,0
DA:193,0
DA:221,0
DA:222,0
DA:223,0
DA:224,0
DA:225,0
DA:226,0
DA:229,0
DA:230,0
DA:231,0
DA:232,0
DA:233,0
DA:234,0
DA:237,0
DA:243,0
DA:260,0
DA:282,0
DA:283,0
DA:291,0
DA:307,0
DA:312,0
DA:313,0
DA:332,0
DA:333,0
DA:334,0
DA:336,0
DA:337,0
DA:338,0
DA:339,0
DA:341,0
DA:344,0
DA:353,0
DA:354,0
DA:355,0
DA:356,0
DA:366,0
DA:383,0
DA:421,0
DA:423,0
LF:58
LH:0
BRDA:231,0,0,0
BRDA:231,0,1,0
BRDA:232,1,0,0
BRDA:232,1,1,0
BRDA:255,2,0,0
BRDA:255,2,1,0
BRDA:255,3,0,0
BRDA:255,3,1,0
BRDA:263,4,0,0
BRDA:263,4,1,0
BRDA:265,5,0,0
BRDA:265,5,1,0
BRDA:309,6,0,0
BRDA:309,6,1,0
BRDA:337,7,0,0
BRDA:337,7,1,0
BRDA:367,8,0,0
BRDA:367,8,1,0
BRDA:369,9,0,0
BRDA:369,9,1,0
BRDA:370,10,0,0
BRDA:370,10,1,0
BRDA:384,11,0,0
BRDA:384,11,1,0
BRDA:385,12,0,0
BRDA:385,12,1,0
BRDA:385,13,0,0
BRDA:385,13,1,0
BRDA:385,14,0,0
BRDA:385,14,1,0
BRDA:385,15,0,0
BRDA:385,15,1,0
BRDA:386,16,0,0
BRDA:386,16,1,0
BRDA:387,17,0,0
BRDA:387,17,1,0
BRDA:388,18,0,0
BRDA:388,18,1,0
BRDA:390,19,0,0
BRDA:390,19,1,0
BRDA:425,20,0,0
BRDA:425,20,1,0
BRDA:427,21,0,0
BRDA:427,21,1,0
BRDA:427,22,0,0
BRDA:427,22,1,0
BRDA:429,23,0,0
BRDA:429,23,1,0
BRDA:430,24,0,0
BRDA:430,24,1,0
BRDA:433,25,0,0
BRDA:433,25,1,0
BRF:52
BRH:0
end_of_record
TN:
SF:src/landing/index.ts
FNF:0
FNH:0
LF:0
LH:0
BRF:0
BRH:0
end_of_record
